#
# There is insufficient memory for the Java Runtime Environment to continue.
# Native memory allocation (mmap) failed to map 27262976 bytes for Failed to commit area from 0x0000000088800000 to 0x000000008a200000 of length 27262976.
# Possible reasons:
#   The system is out of physical RAM or swap space
#   The process is running with CompressedOops enabled, and the Java Heap may be blocking the growth of the native heap
# Possible solutions:
#   Reduce memory load on the system
#   Increase physical memory or swap space
#   Check if swap backing store is full
#   Decrease Java heap size (-Xmx/-Xms)
#   Decrease number of Java threads
#   Decrease Java thread stack sizes (-Xss)
#   Set larger code cache with -XX:ReservedCodeCacheSize=
#   JVM is running with Unscaled Compressed Oops mode in which the Java heap is
#     placed in the first 4GB address space. The Java Heap base address is the
#     maximum limit for the native heap growth. Please use -XX:HeapBaseMinAddress
#     to set the Java Heap base and to place the Java Heap above 4GB virtual address.
# This output file may be truncated or incomplete.
#
#  Out of Memory Error (t:/workspace/open/src/hotspot/os/windows/os_windows.cpp:3269), pid=5656, tid=4672
#
# JRE version: Java(TM) SE Runtime Environment (11.0.1+13) (build 11.0.1+13-LTS)
# Java VM: Java HotSpot(TM) 64-Bit Server VM (11.0.1+13-LTS, mixed mode, tiered, compressed oops, g1 gc, windows-amd64)
# No core dump will be written. Minidumps are not enabled by default on client versions of Windows
#

---------------  S U M M A R Y ------------

Command Line: -javaagent:C:\Program Files\JetBrains\IntelliJ IDEA Community Edition 2018.3.2\lib\idea_rt.jar=52905:C:\Program Files\JetBrains\IntelliJ IDEA Community Edition 2018.3.2\bin -Dfile.encoding=UTF-8 ServerMain

Host: Intel(R) Core(TM) i5-7400 CPU @ 3.00GHz, 4 cores, 7G,  Windows 10 , 64 bit Build 14393 (10.0.14393.2155)
Time: Sun Jun 23 14:43:28 2019 RTZ 2 (ceia) elapsed time: 7 seconds (0d 0h 0m 7s)

---------------  T H R E A D  ---------------

Current thread (0x000001abc2edc000):  VMThread "VM Thread" [stack: 0x0000008b17e00000,0x0000008b17f00000] [id=4672]

Stack: [0x0000008b17e00000,0x0000008b17f00000]
[error occurred during error reporting (printing stack bounds), id 0xc0000005, EXCEPTION_ACCESS_VIOLATION (0xc0000005) at pc=0x000001abace50bad]

Native frames: (J=compiled Java code, j=interpreted, Vv=VM code, C=native code)
V  [jvm.dll+0x63c21a]
V  [jvm.dll+0x7797df]
V  [jvm.dll+0x77adca]
V  [jvm.dll+0x77b3e5]
V  [jvm.dll+0x77b39b]
V  [jvm.dll+0x63b916]
V  [jvm.dll+0x63bce8]
C  [ntdll.dll+0xaab6d]
C  [ntdll.dll+0x49933]
C  [ntdll.dll+0xa9c8a]
C  0x000001abace50bad

VM_Operation (0x0000008b18dfec10): G1CollectForAllocation, mode: safepoint, requested by thread 0x000001abc3e89800


---------------  P R O C E S S  ---------------

Threads class SMR info:
_java_thread_list=0x000001abc3ed4170, length=16, elements={
0x000001aba4b17000, 0x000001abc2f1a800, 0x000001abc2f1b800, 0x000001abc2f17800,
0x000001abc3883800, 0x000001abc2f27800, 0x000001abc2f30000, 0x000001abc2f4b800,
0x000001abc39d3000, 0x000001abc3c56800, 0x000001abc3c57800, 0x000001abc3c69800,
0x000001abc3e89800, 0x000001abc3ed7800, 0x000001abc3f79800, 0x000001abc3f7a000
}

Java Threads: ( => current thread )
  0x000001aba4b17000 JavaThread "main" [_thread_in_native, id=2740, stack(0x0000008b17800000,0x0000008b17900000)]
  0x000001abc2f1a800 JavaThread "Reference Handler" daemon [_thread_blocked, id=2120, stack(0x0000008b17f00000,0x0000008b18000000)]
  0x000001abc2f1b800 JavaThread "Finalizer" daemon [_thread_blocked, id=3880, stack(0x0000008b18000000,0x0000008b18100000)]
  0x000001abc2f17800 JavaThread "Signal Dispatcher" daemon [_thread_blocked, id=3904, stack(0x0000008b18100000,0x0000008b18200000)]
  0x000001abc3883800 JavaThread "Attach Listener" daemon [_thread_blocked, id=3312, stack(0x0000008b18200000,0x0000008b18300000)]
  0x000001abc2f27800 JavaThread "C2 CompilerThread0" daemon [_thread_blocked, id=1156, stack(0x0000008b18300000,0x0000008b18400000)]
  0x000001abc2f30000 JavaThread "C1 CompilerThread0" daemon [_thread_blocked, id=6020, stack(0x0000008b18400000,0x0000008b18500000)]
  0x000001abc2f4b800 JavaThread "Sweeper thread" daemon [_thread_blocked, id=4800, stack(0x0000008b18500000,0x0000008b18600000)]
  0x000001abc39d3000 JavaThread "Common-Cleaner" daemon [_thread_blocked, id=4780, stack(0x0000008b18600000,0x0000008b18700000)]
  0x000001abc3c56800 JavaThread "Monitor Ctrl-Break" daemon [_thread_in_native, id=3644, stack(0x0000008b18900000,0x0000008b18a00000)]
  0x000001abc3c57800 JavaThread "Service Thread" daemon [_thread_blocked, id=2840, stack(0x0000008b18a00000,0x0000008b18b00000)]
  0x000001abc3c69800 JavaThread "pool-1-thread-1" [_thread_blocked, id=3816, stack(0x0000008b18c00000,0x0000008b18d00000)]
  0x000001abc3e89800 JavaThread "pool-2-thread-1" [_thread_blocked, id=716, stack(0x0000008b18d00000,0x0000008b18e00000)]
  0x000001abc3ed7800 JavaThread "Thread-0" [_thread_in_native, id=2516, stack(0x0000008b19400000,0x0000008b19500000)]
  0x000001abc3f79800 JavaThread "Thread-1" [_thread_in_native, id=6124, stack(0x0000008b19500000,0x0000008b19600000)]
  0x000001abc3f7a000 JavaThread "Thread-2" [_thread_in_native, id=3652, stack(0x0000008b19600000,0x0000008b19700000)]

Other Threads:
=>0x000001abc2edc000 VMThread "VM Thread" [stack: 0x0000008b17e00000,0x0000008b17f00000] [id=4672]
  0x000001abc3c61800 WatcherThread [stack: 0x0000008b18b00000,0x0000008b18c00000] [id=5780]
  0x000001aba4b2d800 GCTaskThread "GC Thread#0" [stack: 0x0000008b17900000,0x0000008b17a00000] [id=4604]
  0x000001abc3e8a800 GCTaskThread "GC Thread#1" [stack: 0x0000008b18e00000,0x0000008b18f00000] [id=5324]
  0x000001abc3e9c000 GCTaskThread "GC Thread#2" [stack: 0x0000008b18f00000,0x0000008b19000000] [id=188]
  0x000001abc3ea0800 GCTaskThread "GC Thread#3" [stack: 0x0000008b19000000,0x0000008b19100000] [id=5148]
  0x000001aba4b5e800 ConcurrentGCThread "G1 Main Marker" [stack: 0x0000008b17a00000,0x0000008b17b00000] [id=3408]
  0x000001aba4b60000 ConcurrentGCThread "G1 Conc#0" [stack: 0x0000008b17b00000,0x0000008b17c00000] [id=5768]
  0x000001aba4bf7000 ConcurrentGCThread "G1 Refine#0" [stack: 0x0000008b17c00000,0x0000008b17d00000] [id=3336]
  0x000001aba4bf8000 ConcurrentGCThread "G1 Young RemSet Sampling" [stack: 0x0000008b17d00000,0x0000008b17e00000] [id=780]

Threads with active compile tasks:

VM state:at safepoint (normal execution)

VM Mutex/Monitor currently owned by a thread:  ([mutex/lock_event])
[0x000001aba4b14b90] Threads_lock - owner thread: 0x000001abc2edc000
[0x000001aba4b15c70] Heap_lock - owner thread: 0x000001abc3e89800

Heap address: 0x0000000080800000, size: 2040 MB, Compressed Oops mode: 32-bit
Narrow klass base: 0x0000000000000000, Narrow klass shift: 3
Compressed class space size: 1073741824 Address: 0x0000000100000000

Heap:
 garbage-first heap   total 157696K, used 2627K [0x0000000080800000, 0x0000000100000000)
  region size 1024K, 1 young (1024K), 1 survivors (1024K)
 Metaspace       used 12261K, capacity 12517K, committed 12672K, reserved 1060864K
  class space    used 1230K, capacity 1326K, committed 1408K, reserved 1048576K
Heap Regions: E=young(eden), S=young(survivor), O=old, HS=humongous(starts), HC=humongous(continues), CS=collection set, F=free, A=archive, TAMS=top-at-mark-start (previous, next)
|   0|0x0000000080800000, 0x0000000080900000, 0x0000000080900000|100%| O|  |TAMS 0x0000000080800000, 0x0000000080800000| Untracked 
|   1|0x0000000080900000, 0x00000000809a4800, 0x0000000080a00000| 64%| O|  |TAMS 0x0000000080900000, 0x0000000080900000| Untracked 
|   2|0x0000000080a00000, 0x0000000080a00000, 0x0000000080b00000|  0%| F|  |TAMS 0x0000000080a00000, 0x0000000080a00000| Untracked 
|   3|0x0000000080b00000, 0x0000000080b00000, 0x0000000080c00000|  0%| F|  |TAMS 0x0000000080b00000, 0x0000000080b00000| Untracked 
|   4|0x0000000080c00000, 0x0000000080c00000, 0x0000000080d00000|  0%| F|  |TAMS 0x0000000080c00000, 0x0000000080c00000| Untracked 
|   5|0x0000000080d00000, 0x0000000080d00000, 0x0000000080e00000|  0%| F|  |TAMS 0x0000000080d00000, 0x0000000080d00000| Untracked 
|   6|0x0000000080e00000, 0x0000000080e00000, 0x0000000080f00000|  0%| F|  |TAMS 0x0000000080e00000, 0x0000000080e00000| Untracked 
|   7|0x0000000080f00000, 0x0000000080f00000, 0x0000000081000000|  0%| F|  |TAMS 0x0000000080f00000, 0x0000000080f00000| Untracked 
|   8|0x0000000081000000, 0x0000000081000000, 0x0000000081100000|  0%| F|  |TAMS 0x0000000081000000, 0x0000000081000000| Untracked 
|   9|0x0000000081100000, 0x0000000081100000, 0x0000000081200000|  0%| F|  |TAMS 0x0000000081100000, 0x0000000081100000| Untracked 
|  10|0x0000000081200000, 0x0000000081200000, 0x0000000081300000|  0%| F|  |TAMS 0x0000000081200000, 0x0000000081200000| Untracked 
|  11|0x0000000081300000, 0x0000000081300000, 0x0000000081400000|  0%| F|  |TAMS 0x0000000081300000, 0x0000000081300000| Untracked 
|  12|0x0000000081400000, 0x0000000081400000, 0x0000000081500000|  0%| F|  |TAMS 0x0000000081400000, 0x0000000081400000| Untracked 
|  13|0x0000000081500000, 0x0000000081500000, 0x0000000081600000|  0%| F|  |TAMS 0x0000000081500000, 0x0000000081500000| Untracked 
|  14|0x0000000081600000, 0x0000000081600000, 0x0000000081700000|  0%| F|  |TAMS 0x0000000081600000, 0x0000000081600000| Untracked 
|  15|0x0000000081700000, 0x0000000081700000, 0x0000000081800000|  0%| F|  |TAMS 0x0000000081700000, 0x0000000081700000| Untracked 
|  16|0x0000000081800000, 0x0000000081800000, 0x0000000081900000|  0%| F|  |TAMS 0x0000000081800000, 0x0000000081800000| Untracked 
|  17|0x0000000081900000, 0x0000000081900000, 0x0000000081a00000|  0%| F|  |TAMS 0x0000000081900000, 0x0000000081900000| Untracked 
|  18|0x0000000081a00000, 0x0000000081a00000, 0x0000000081b00000|  0%| F|  |TAMS 0x0000000081a00000, 0x0000000081a00000| Untracked 
|  19|0x0000000081b00000, 0x0000000081b00000, 0x0000000081c00000|  0%| F|  |TAMS 0x0000000081b00000, 0x0000000081b00000| Untracked 
|  20|0x0000000081c00000, 0x0000000081c00000, 0x0000000081d00000|  0%| F|  |TAMS 0x0000000081c00000, 0x0000000081c00000| Untracked 
|  21|0x0000000081d00000, 0x0000000081d00000, 0x0000000081e00000|  0%| F|  |TAMS 0x0000000081d00000, 0x0000000081d00000| Untracked 
|  22|0x0000000081e00000, 0x0000000081e00000, 0x0000000081f00000|  0%| F|  |TAMS 0x0000000081e00000, 0x0000000081e00000| Untracked 
|  23|0x0000000081f00000, 0x0000000081f00000, 0x0000000082000000|  0%| F|  |TAMS 0x0000000081f00000, 0x0000000081f00000| Untracked 
|  24|0x0000000082000000, 0x0000000082000000, 0x0000000082100000|  0%| F|  |TAMS 0x0000000082000000, 0x0000000082000000| Untracked 
|  25|0x0000000082100000, 0x0000000082100000, 0x0000000082200000|  0%| F|  |TAMS 0x0000000082100000, 0x0000000082100000| Untracked 
|  26|0x0000000082200000, 0x0000000082200000, 0x0000000082300000|  0%| F|  |TAMS 0x0000000082200000, 0x0000000082200000| Untracked 
|  27|0x0000000082300000, 0x0000000082300000, 0x0000000082400000|  0%| F|  |TAMS 0x0000000082300000, 0x0000000082300000| Untracked 
|  28|0x0000000082400000, 0x0000000082400000, 0x0000000082500000|  0%| F|  |TAMS 0x0000000082400000, 0x0000000082400000| Untracked 
|  29|0x0000000082500000, 0x0000000082500000, 0x0000000082600000|  0%| F|  |TAMS 0x0000000082500000, 0x0000000082500000| Untracked 
|  30|0x0000000082600000, 0x0000000082600000, 0x0000000082700000|  0%| F|  |TAMS 0x0000000082600000, 0x0000000082600000| Untracked 
|  31|0x0000000082700000, 0x0000000082700000, 0x0000000082800000|  0%| F|  |TAMS 0x0000000082700000, 0x0000000082700000| Untracked 
|  32|0x0000000082800000, 0x0000000082800000, 0x0000000082900000|  0%| F|  |TAMS 0x0000000082800000, 0x0000000082800000| Untracked 
|  33|0x0000000082900000, 0x0000000082900000, 0x0000000082a00000|  0%| F|  |TAMS 0x0000000082900000, 0x0000000082900000| Untracked 
|  34|0x0000000082a00000, 0x0000000082a00000, 0x0000000082b00000|  0%| F|  |TAMS 0x0000000082a00000, 0x0000000082a00000| Untracked 
|  35|0x0000000082b00000, 0x0000000082b00000, 0x0000000082c00000|  0%| F|  |TAMS 0x0000000082b00000, 0x0000000082b00000| Untracked 
|  36|0x0000000082c00000, 0x0000000082c00000, 0x0000000082d00000|  0%| F|  |TAMS 0x0000000082c00000, 0x0000000082c00000| Untracked 
|  37|0x0000000082d00000, 0x0000000082d00000, 0x0000000082e00000|  0%| F|  |TAMS 0x0000000082d00000, 0x0000000082d00000| Untracked 
|  38|0x0000000082e00000, 0x0000000082e00000, 0x0000000082f00000|  0%| F|  |TAMS 0x0000000082e00000, 0x0000000082e00000| Untracked 
|  39|0x0000000082f00000, 0x0000000082f00000, 0x0000000083000000|  0%| F|  |TAMS 0x0000000082f00000, 0x0000000082f00000| Untracked 
|  40|0x0000000083000000, 0x0000000083000000, 0x0000000083100000|  0%| F|  |TAMS 0x0000000083000000, 0x0000000083000000| Untracked 
|  41|0x0000000083100000, 0x0000000083100000, 0x0000000083200000|  0%| F|  |TAMS 0x0000000083100000, 0x0000000083100000| Untracked 
|  42|0x0000000083200000, 0x0000000083200000, 0x0000000083300000|  0%| F|  |TAMS 0x0000000083200000, 0x0000000083200000| Untracked 
|  43|0x0000000083300000, 0x0000000083300000, 0x0000000083400000|  0%| F|  |TAMS 0x0000000083300000, 0x0000000083300000| Untracked 
|  44|0x0000000083400000, 0x0000000083400000, 0x0000000083500000|  0%| F|  |TAMS 0x0000000083400000, 0x0000000083400000| Untracked 
|  45|0x0000000083500000, 0x0000000083500000, 0x0000000083600000|  0%| F|  |TAMS 0x0000000083500000, 0x0000000083500000| Untracked 
|  46|0x0000000083600000, 0x0000000083600000, 0x0000000083700000|  0%| F|  |TAMS 0x0000000083600000, 0x0000000083600000| Untracked 
|  47|0x0000000083700000, 0x0000000083700000, 0x0000000083800000|  0%| F|  |TAMS 0x0000000083700000, 0x0000000083700000| Untracked 
|  48|0x0000000083800000, 0x0000000083800000, 0x0000000083900000|  0%| F|  |TAMS 0x0000000083800000, 0x0000000083800000| Untracked 
|  49|0x0000000083900000, 0x0000000083900000, 0x0000000083a00000|  0%| F|  |TAMS 0x0000000083900000, 0x0000000083900000| Untracked 
|  50|0x0000000083a00000, 0x0000000083a00000, 0x0000000083b00000|  0%| F|  |TAMS 0x0000000083a00000, 0x0000000083a00000| Untracked 
|  51|0x0000000083b00000, 0x0000000083bec700, 0x0000000083c00000| 92%| S|CS|TAMS 0x0000000083b00000, 0x0000000083b00000| Complete 
|  52|0x0000000083c00000, 0x0000000083c00000, 0x0000000083d00000|  0%| F|  |TAMS 0x0000000083c00000, 0x0000000083c00000| Untracked 
|  53|0x0000000083d00000, 0x0000000083d00000, 0x0000000083e00000|  0%| F|  |TAMS 0x0000000083d00000, 0x0000000083d00000| Untracked 
|  54|0x0000000083e00000, 0x0000000083e00000, 0x0000000083f00000|  0%| F|  |TAMS 0x0000000083e00000, 0x0000000083e00000| Untracked 
|  55|0x0000000083f00000, 0x0000000083f00000, 0x0000000084000000|  0%| F|  |TAMS 0x0000000083f00000, 0x0000000083f00000| Untracked 
|  56|0x0000000084000000, 0x0000000084000000, 0x0000000084100000|  0%| F|  |TAMS 0x0000000084000000, 0x0000000084000000| Untracked 
|  57|0x0000000084100000, 0x0000000084100000, 0x0000000084200000|  0%| F|  |TAMS 0x0000000084100000, 0x0000000084100000| Untracked 
|  58|0x0000000084200000, 0x0000000084200000, 0x0000000084300000|  0%| F|  |TAMS 0x0000000084200000, 0x0000000084200000| Untracked 
|  59|0x0000000084300000, 0x0000000084300000, 0x0000000084400000|  0%| F|  |TAMS 0x0000000084300000, 0x0000000084300000| Untracked 
|  60|0x0000000084400000, 0x0000000084400000, 0x0000000084500000|  0%| F|  |TAMS 0x0000000084400000, 0x0000000084400000| Untracked 
|  61|0x0000000084500000, 0x0000000084500000, 0x0000000084600000|  0%| F|  |TAMS 0x0000000084500000, 0x0000000084500000| Untracked 
|  62|0x0000000084600000, 0x0000000084600000, 0x0000000084700000|  0%| F|  |TAMS 0x0000000084600000, 0x0000000084600000| Untracked 
|  63|0x0000000084700000, 0x0000000084700000, 0x0000000084800000|  0%| F|  |TAMS 0x0000000084700000, 0x0000000084700000| Untracked 
|  64|0x0000000084800000, 0x0000000084800000, 0x0000000084900000|  0%| F|  |TAMS 0x0000000084800000, 0x0000000084800000| Untracked 
|  65|0x0000000084900000, 0x0000000084900000, 0x0000000084a00000|  0%| F|  |TAMS 0x0000000084900000, 0x0000000084900000| Untracked 
|  66|0x0000000084a00000, 0x0000000084a00000, 0x0000000084b00000|  0%| F|  |TAMS 0x0000000084a00000, 0x0000000084a00000| Untracked 
|  67|0x0000000084b00000, 0x0000000084b00000, 0x0000000084c00000|  0%| F|  |TAMS 0x0000000084b00000, 0x0000000084b00000| Untracked 
|  68|0x0000000084c00000, 0x0000000084c00000, 0x0000000084d00000|  0%| F|  |TAMS 0x0000000084c00000, 0x0000000084c00000| Untracked 
|  69|0x0000000084d00000, 0x0000000084d00000, 0x0000000084e00000|  0%| F|  |TAMS 0x0000000084d00000, 0x0000000084d00000| Untracked 
|  70|0x0000000084e00000, 0x0000000084e00000, 0x0000000084f00000|  0%| F|  |TAMS 0x0000000084e00000, 0x0000000084e00000| Untracked 
|  71|0x0000000084f00000, 0x0000000084f00000, 0x0000000085000000|  0%| F|  |TAMS 0x0000000084f00000, 0x0000000084f00000| Untracked 
|  72|0x0000000085000000, 0x0000000085000000, 0x0000000085100000|  0%| F|  |TAMS 0x0000000085000000, 0x0000000085000000| Untracked 
|  73|0x0000000085100000, 0x0000000085100000, 0x0000000085200000|  0%| F|  |TAMS 0x0000000085100000, 0x0000000085100000| Untracked 
|  74|0x0000000085200000, 0x0000000085200000, 0x0000000085300000|  0%| F|  |TAMS 0x0000000085200000, 0x0000000085200000| Untracked 
|  75|0x0000000085300000, 0x0000000085300000, 0x0000000085400000|  0%| F|  |TAMS 0x0000000085300000, 0x0000000085300000| Untracked 
|  76|0x0000000085400000, 0x0000000085400000, 0x0000000085500000|  0%| F|  |TAMS 0x0000000085400000, 0x0000000085400000| Untracked 
|  77|0x0000000085500000, 0x0000000085500000, 0x0000000085600000|  0%| F|  |TAMS 0x0000000085500000, 0x0000000085500000| Untracked 
|  78|0x0000000085600000, 0x0000000085600000, 0x0000000085700000|  0%| F|  |TAMS 0x0000000085600000, 0x0000000085600000| Untracked 
|  79|0x0000000085700000, 0x0000000085700000, 0x0000000085800000|  0%| F|  |TAMS 0x0000000085700000, 0x0000000085700000| Untracked 
|  80|0x0000000085800000, 0x0000000085800000, 0x0000000085900000|  0%| F|  |TAMS 0x0000000085800000, 0x0000000085800000| Untracked 
|  81|0x0000000085900000, 0x0000000085900000, 0x0000000085a00000|  0%| F|  |TAMS 0x0000000085900000, 0x0000000085900000| Untracked 
|  82|0x0000000085a00000, 0x0000000085a00000, 0x0000000085b00000|  0%| F|  |TAMS 0x0000000085a00000, 0x0000000085a00000| Untracked 
|  83|0x0000000085b00000, 0x0000000085b00000, 0x0000000085c00000|  0%| F|  |TAMS 0x0000000085b00000, 0x0000000085b00000| Untracked 
|  84|0x0000000085c00000, 0x0000000085c00000, 0x0000000085d00000|  0%| F|  |TAMS 0x0000000085c00000, 0x0000000085c00000| Untracked 
|  85|0x0000000085d00000, 0x0000000085d00000, 0x0000000085e00000|  0%| F|  |TAMS 0x0000000085d00000, 0x0000000085d00000| Untracked 
|  86|0x0000000085e00000, 0x0000000085e00000, 0x0000000085f00000|  0%| F|  |TAMS 0x0000000085e00000, 0x0000000085e00000| Untracked 
|  87|0x0000000085f00000, 0x0000000085f00000, 0x0000000086000000|  0%| F|  |TAMS 0x0000000085f00000, 0x0000000085f00000| Untracked 
|  88|0x0000000086000000, 0x0000000086000000, 0x0000000086100000|  0%| F|  |TAMS 0x0000000086000000, 0x0000000086000000| Untracked 
|  89|0x0000000086100000, 0x0000000086100000, 0x0000000086200000|  0%| F|  |TAMS 0x0000000086100000, 0x0000000086100000| Untracked 
|  90|0x0000000086200000, 0x0000000086200000, 0x0000000086300000|  0%| F|  |TAMS 0x0000000086200000, 0x0000000086200000| Untracked 
|  91|0x0000000086300000, 0x0000000086300000, 0x0000000086400000|  0%| F|  |TAMS 0x0000000086300000, 0x0000000086300000| Untracked 
|  92|0x0000000086400000, 0x0000000086400000, 0x0000000086500000|  0%| F|  |TAMS 0x0000000086400000, 0x0000000086400000| Untracked 
|  93|0x0000000086500000, 0x0000000086500000, 0x0000000086600000|  0%| F|  |TAMS 0x0000000086500000, 0x0000000086500000| Untracked 
|  94|0x0000000086600000, 0x0000000086600000, 0x0000000086700000|  0%| F|  |TAMS 0x0000000086600000, 0x0000000086600000| Untracked 
|  95|0x0000000086700000, 0x0000000086700000, 0x0000000086800000|  0%| F|  |TAMS 0x0000000086700000, 0x0000000086700000| Untracked 
|  96|0x0000000086800000, 0x0000000086800000, 0x0000000086900000|  0%| F|  |TAMS 0x0000000086800000, 0x0000000086800000| Untracked 
|  97|0x0000000086900000, 0x0000000086900000, 0x0000000086a00000|  0%| F|  |TAMS 0x0000000086900000, 0x0000000086900000| Untracked 
|  98|0x0000000086a00000, 0x0000000086a00000, 0x0000000086b00000|  0%| F|  |TAMS 0x0000000086a00000, 0x0000000086a00000| Untracked 
|  99|0x0000000086b00000, 0x0000000086b00000, 0x0000000086c00000|  0%| F|  |TAMS 0x0000000086b00000, 0x0000000086b00000| Untracked 
| 100|0x0000000086c00000, 0x0000000086c00000, 0x0000000086d00000|  0%| F|  |TAMS 0x0000000086c00000, 0x0000000086c00000| Untracked 
| 101|0x0000000086d00000, 0x0000000086d00000, 0x0000000086e00000|  0%| F|  |TAMS 0x0000000086d00000, 0x0000000086d00000| Untracked 
| 102|0x0000000086e00000, 0x0000000086e00000, 0x0000000086f00000|  0%| F|  |TAMS 0x0000000086e00000, 0x0000000086e00000| Untracked 
| 103|0x0000000086f00000, 0x0000000086f00000, 0x0000000087000000|  0%| F|  |TAMS 0x0000000086f00000, 0x0000000086f00000| Untracked 
| 104|0x0000000087000000, 0x0000000087000000, 0x0000000087100000|  0%| F|  |TAMS 0x0000000087000000, 0x0000000087000000| Untracked 
| 105|0x0000000087100000, 0x0000000087100000, 0x0000000087200000|  0%| F|  |TAMS 0x0000000087100000, 0x0000000087100000| Untracked 
| 106|0x0000000087200000, 0x0000000087200000, 0x0000000087300000|  0%| F|  |TAMS 0x0000000087200000, 0x0000000087200000| Untracked 
| 107|0x0000000087300000, 0x0000000087300000, 0x0000000087400000|  0%| F|  |TAMS 0x0000000087300000, 0x0000000087300000| Untracked 
| 108|0x0000000087400000, 0x0000000087400000, 0x0000000087500000|  0%| F|  |TAMS 0x0000000087400000, 0x0000000087400000| Untracked 
| 109|0x0000000087500000, 0x0000000087500000, 0x0000000087600000|  0%| F|  |TAMS 0x0000000087500000, 0x0000000087500000| Untracked 
| 110|0x0000000087600000, 0x0000000087600000, 0x0000000087700000|  0%| F|  |TAMS 0x0000000087600000, 0x0000000087600000| Untracked 
| 111|0x0000000087700000, 0x0000000087700000, 0x0000000087800000|  0%| F|  |TAMS 0x0000000087700000, 0x0000000087700000| Untracked 
| 112|0x0000000087800000, 0x0000000087800000, 0x0000000087900000|  0%| F|  |TAMS 0x0000000087800000, 0x0000000087800000| Untracked 
| 113|0x0000000087900000, 0x0000000087900000, 0x0000000087a00000|  0%| F|  |TAMS 0x0000000087900000, 0x0000000087900000| Untracked 
| 114|0x0000000087a00000, 0x0000000087a00000, 0x0000000087b00000|  0%| F|  |TAMS 0x0000000087a00000, 0x0000000087a00000| Untracked 
| 115|0x0000000087b00000, 0x0000000087b00000, 0x0000000087c00000|  0%| F|  |TAMS 0x0000000087b00000, 0x0000000087b00000| Untracked 
| 116|0x0000000087c00000, 0x0000000087c00000, 0x0000000087d00000|  0%| F|  |TAMS 0x0000000087c00000, 0x0000000087c00000| Untracked 
| 117|0x0000000087d00000, 0x0000000087d00000, 0x0000000087e00000|  0%| F|  |TAMS 0x0000000087d00000, 0x0000000087d00000| Untracked 
| 118|0x0000000087e00000, 0x0000000087e00000, 0x0000000087f00000|  0%| F|  |TAMS 0x0000000087e00000, 0x0000000087e00000| Untracked 
| 119|0x0000000087f00000, 0x0000000087f00000, 0x0000000088000000|  0%| F|  |TAMS 0x0000000087f00000, 0x0000000087f00000| Untracked 
| 120|0x0000000088000000, 0x0000000088000000, 0x0000000088100000|  0%| F|  |TAMS 0x0000000088000000, 0x0000000088000000| Untracked 
| 121|0x0000000088100000, 0x0000000088100000, 0x0000000088200000|  0%| F|  |TAMS 0x0000000088100000, 0x0000000088100000| Untracked 
| 122|0x0000000088200000, 0x0000000088200000, 0x0000000088300000|  0%| F|  |TAMS 0x0000000088200000, 0x0000000088200000| Untracked 
| 123|0x0000000088300000, 0x0000000088300000, 0x0000000088400000|  0%| F|  |TAMS 0x0000000088300000, 0x0000000088300000| Untracked 
| 124|0x0000000088400000, 0x0000000088400000, 0x0000000088500000|  0%| F|  |TAMS 0x0000000088400000, 0x0000000088400000| Untracked 
| 125|0x0000000088500000, 0x0000000088500000, 0x0000000088600000|  0%| F|  |TAMS 0x0000000088500000, 0x0000000088500000| Untracked 
| 126|0x0000000088600000, 0x0000000088600000, 0x0000000088700000|  0%| F|  |TAMS 0x0000000088600000, 0x0000000088600000| Untracked 
| 127|0x0000000088700000, 0x0000000088700000, 0x0000000088800000|  0%| F|  |TAMS 0x0000000088700000, 0x0000000088700000| Untracked 

Card table byte_map: [0x000001abbc250000,0x000001abbc650000] _byte_map_base: 0x000001abbbe4c000

Marking Bits (Prev, Next): (CMBitMap*) 0x000001aba4b55eb8, (CMBitMap*) 0x000001aba4b55ef0
 Prev Bits: [0x000001abbca50000, 0x000001abbea30000)
 Next Bits: [0x000001abbea30000, 0x000001abc0a10000)

Polling page: 0x000001aba29d0000

Metaspace:

Usage:
  Non-class:     10.93 MB capacity,    10.77 MB ( 99%) used,   136.05 KB (  1%) free+waste,    24.06 KB ( <1%) overhead. 
      Class:      1.29 MB capacity,     1.20 MB ( 93%) used,    83.61 KB (  6%) free+waste,    11.88 KB ( <1%) overhead. 
       Both:     12.22 MB capacity,    11.97 MB ( 98%) used,   219.66 KB (  2%) free+waste,    35.94 KB ( <1%) overhead. 

Virtual space:
  Non-class space:       12.00 MB reserved,      11.00 MB ( 92%) committed 
      Class space:        1.00 GB reserved,       1.38 MB ( <1%) committed 
             Both:        1.01 GB reserved,      12.38 MB (  1%) committed 

Chunk freelists:
   Non-Class:  1.13 KB
       Class:  2.25 KB
        Both:  3.38 KB

CodeHeap 'non-profiled nmethods': size=120064Kb used=300Kb max_used=300Kb free=119763Kb
 bounds [0x000001abb4910000, 0x000001abb4b80000, 0x000001abbbe50000]
CodeHeap 'profiled nmethods': size=120000Kb used=1495Kb max_used=1495Kb free=118505Kb
 bounds [0x000001abad3e0000, 0x000001abad650000, 0x000001abb4910000]
CodeHeap 'non-nmethods': size=5696Kb used=1111Kb max_used=1125Kb free=4584Kb
 bounds [0x000001abace50000, 0x000001abad0c0000, 0x000001abad3e0000]
 total_blobs=1523 nmethods=915 adapters=330
 compilation: enabled
              stopped_count=0, restarted_count=0
 full_count=0

Compilation events (10 events):
Event: 7.269 Thread 0x000001abc2f27800  910       4       java.lang.StringUTF16::compress (50 bytes)
Event: 7.273 Thread 0x000001abc2f27800 nmethod 910 0x000001abb495a790 code [0x000001abb495a920, 0x000001abb495abf8]
Event: 7.342 Thread 0x000001abc2f30000  912       3       java.nio.HeapByteBuffer::ix (7 bytes)
Event: 7.342 Thread 0x000001abc2f30000 nmethod 912 0x000001abad554a10 code [0x000001abad554bc0, 0x000001abad554d18]
Event: 7.398 Thread 0x000001abc2f30000  914       3       java.nio.CharBuffer::position (8 bytes)
Event: 7.398 Thread 0x000001abc2f30000 nmethod 914 0x000001abad554d90 code [0x000001abad554f40, 0x000001abad5550f0]
Event: 7.398 Thread 0x000001abc2f30000  915       3       java.nio.ByteBuffer::array (35 bytes)
Event: 7.398 Thread 0x000001abc2f30000 nmethod 915 0x000001abad555190 code [0x000001abad555360, 0x000001abad555620]
Event: 7.398 Thread 0x000001abc2f30000  913       3       java.nio.CharBuffer::position (6 bytes)
Event: 7.398 Thread 0x000001abc2f30000 nmethod 913 0x000001abad555710 code [0x000001abad5558e0, 0x000001abad555af0]

GC Heap History (10 events):
Event: 6.780 GC heap after
{Heap after GC invocations=11 (full 0):
 garbage-first heap   total 131072K, used 2637K [0x0000000080800000, 0x0000000100000000)
  region size 1024K, 3 young (3072K), 3 survivors (3072K)
 Metaspace       used 12259K, capacity 12517K, committed 12672K, reserved 1060864K
  class space    used 1230K, capacity 1326K, committed 1408K, reserved 1048576K
}
Event: 6.947 GC heap before
{Heap before GC invocations=11 (full 0):
 garbage-first heap   total 131072K, used 77389K [0x0000000080800000, 0x0000000100000000)
  region size 1024K, 76 young (77824K), 3 survivors (3072K)
 Metaspace       used 12259K, capacity 12517K, committed 12672K, reserved 1060864K
  class space    used 1230K, capacity 1326K, committed 1408K, reserved 1048576K
}
Event: 6.949 GC heap after
{Heap after GC invocations=12 (full 0):
 garbage-first heap   total 131072K, used 2755K [0x0000000080800000, 0x0000000100000000)
  region size 1024K, 3 young (3072K), 3 survivors (3072K)
 Metaspace       used 12259K, capacity 12517K, committed 12672K, reserved 1060864K
  class space    used 1230K, capacity 1326K, committed 1408K, reserved 1048576K
}
Event: 7.076 GC heap before
{Heap before GC invocations=12 (full 0):
 garbage-first heap   total 131072K, used 77507K [0x0000000080800000, 0x0000000100000000)
  region size 1024K, 76 young (77824K), 3 survivors (3072K)
 Metaspace       used 12259K, capacity 12517K, committed 12672K, reserved 1060864K
  class space    used 1230K, capacity 1326K, committed 1408K, reserved 1048576K
}
Event: 7.078 GC heap after
{Heap after GC invocations=13 (full 0):
 garbage-first heap   total 131072K, used 2755K [0x0000000080800000, 0x0000000100000000)
  region size 1024K, 3 young (3072K), 3 survivors (3072K)
 Metaspace       used 12259K, capacity 12517K, committed 12672K, reserved 1060864K
  class space    used 1230K, capacity 1326K, committed 1408K, reserved 1048576K
}
Event: 7.220 GC heap before
{Heap before GC invocations=13 (full 0):
 garbage-first heap   total 131072K, used 77507K [0x0000000080800000, 0x0000000100000000)
  region size 1024K, 76 young (77824K), 3 survivors (3072K)
 Metaspace       used 12259K, capacity 12517K, committed 12672K, reserved 1060864K
  class space    used 1230K, capacity 1326K, committed 1408K, reserved 1048576K
}
Event: 7.222 GC heap after
{Heap after GC invocations=14 (full 0):
 garbage-first heap   total 131072K, used 2517K [0x0000000080800000, 0x0000000100000000)
  region size 1024K, 3 young (3072K), 3 survivors (3072K)
 Metaspace       used 12259K, capacity 12517K, committed 12672K, reserved 1060864K
  class space    used 1230K, capacity 1326K, committed 1408K, reserved 1048576K
}
Event: 7.315 GC heap before
{Heap before GC invocations=14 (full 0):
 garbage-first heap   total 131072K, used 77269K [0x0000000080800000, 0x0000000100000000)
  region size 1024K, 76 young (77824K), 3 survivors (3072K)
 Metaspace       used 12261K, capacity 12517K, committed 12672K, reserved 1060864K
  class space    used 1230K, capacity 1326K, committed 1408K, reserved 1048576K
}
Event: 7.317 GC heap after
{Heap after GC invocations=15 (full 0):
 garbage-first heap   total 131072K, used 2519K [0x0000000080800000, 0x0000000100000000)
  region size 1024K, 3 young (3072K), 3 survivors (3072K)
 Metaspace       used 12261K, capacity 12517K, committed 12672K, reserved 1060864K
  class space    used 1230K, capacity 1326K, committed 1408K, reserved 1048576K
}
Event: 7.456 GC heap before
{Heap before GC invocations=15 (full 0):
 garbage-first heap   total 131072K, used 77271K [0x0000000080800000, 0x0000000100000000)
  region size 1024K, 76 young (77824K), 3 survivors (3072K)
 Metaspace       used 12261K, capacity 12517K, committed 12672K, reserved 1060864K
  class space    used 1230K, capacity 1326K, committed 1408K, reserved 1048576K
}

Deoptimization events (10 events):
Event: 0.204 Thread 0x000001aba4b17000 Uncommon trap: reason=class_check action=maybe_recompile pc=0x000001abb4929bac method=java.util.HashMap.putVal(ILjava/lang/Object;Ljava/lang/Object;ZZ)Ljava/lang/Object; @ 253 c2
Event: 0.204 Thread 0x000001aba4b17000 Uncommon trap: reason=class_check action=maybe_recompile pc=0x000001abb4929bac method=java.util.HashMap.putVal(ILjava/lang/Object;Ljava/lang/Object;ZZ)Ljava/lang/Object; @ 253 c2
Event: 0.266 Thread 0x000001aba4b17000 Uncommon trap: reason=class_check action=maybe_recompile pc=0x000001abb493b174 method=java.util.HashMap.putVal(ILjava/lang/Object;Ljava/lang/Object;ZZ)Ljava/lang/Object; @ 91 c2
Event: 0.266 Thread 0x000001aba4b17000 Uncommon trap: reason=class_check action=maybe_recompile pc=0x000001abb493b174 method=java.util.HashMap.putVal(ILjava/lang/Object;Ljava/lang/Object;ZZ)Ljava/lang/Object; @ 91 c2
Event: 0.327 Thread 0x000001aba4b17000 Uncommon trap: reason=unstable_if action=reinterpret pc=0x000001abb4945690 method=java.util.concurrent.ConcurrentHashMap$EntrySetView.iterator()Ljava/util/Iterator; @ 11 c2
Event: 1.019 Thread 0x000001abc3883800 Uncommon trap: reason=unstable_if action=reinterpret pc=0x000001abb4916490 method=java.lang.String.isLatin1()Z @ 10 c2
Event: 1.019 Thread 0x000001abc3883800 Uncommon trap: reason=unstable_if action=reinterpret pc=0x000001abb494517c method=java.util.concurrent.ConcurrentHashMap.entrySet()Ljava/util/Set; @ 6 c2
Event: 5.463 Thread 0x000001abc3f79800 Uncommon trap: reason=unstable_if action=reinterpret pc=0x000001abb494d190 method=java.lang.AbstractStringBuilder.putStringAt(ILjava/lang/String;)V @ 8 c2
Event: 5.463 Thread 0x000001abc3f79800 Uncommon trap: reason=unstable_if action=reinterpret pc=0x000001abb494a970 method=java.lang.String.getBytes([BIB)V @ 5 c2
Event: 5.597 Thread 0x000001abc3e89800 Uncommon trap: reason=unstable_if action=reinterpret pc=0x000001abb4946668 method=java.util.concurrent.ConcurrentHashMap$EntrySetView.iterator()Ljava/util/Iterator; @ 11 c2

Classes redefined (0 events):
No events

Internal exceptions (10 events):
Event: 0.223 Thread 0x000001aba4b17000 Exception <a 'java/lang/NoSuchMethodError'{0x000000008831ccd0}: java.lang.invoke.DirectMethodHandle$Holder.invokeStatic(Ljava/lang/Object;Ljava/lang/Object;Ljava/lang/Object;Ljava/lang/Object;Ljava/lang/Object;Ljava/lang/Object;Ljava/lang/Object;Ljava/lan
Event: 0.322 Thread 0x000001aba4b17000 Exception <a 'java/lang/NoSuchMethodError'{0x000000008879e200}: java.lang.invoke.DirectMethodHandle$Holder.invokeStatic(Ljava/lang/Object;IIII)Ljava/lang/Object;> (0x000000008879e200) thrown at [t:/workspace/open/src/hotspot/share/interpreter/linkResolver
Event: 0.322 Thread 0x000001aba4b17000 Exception <a 'java/lang/NoSuchMethodError'{0x00000000887a1318}: java.lang.invoke.DirectMethodHandle$Holder.invokeStaticInit(Ljava/lang/Object;IIII)Ljava/lang/Object;> (0x00000000887a1318) thrown at [t:/workspace/open/src/hotspot/share/interpreter/linkReso
Event: 0.367 Thread 0x000001aba4b17000 Exception <a 'java/lang/NoSuchMethodError'{0x0000000088651138}: java.lang.invoke.DirectMethodHandle$Holder.invokeStatic(Ljava/lang/Object;Ljava/lang/Object;IIII)Ljava/lang/Object;> (0x0000000088651138) thrown at [t:/workspace/open/src/hotspot/share/interp
Event: 0.368 Thread 0x000001aba4b17000 Exception <a 'java/lang/NoSuchMethodError'{0x0000000088654480}: java.lang.invoke.DirectMethodHandle$Holder.invokeStaticInit(Ljava/lang/Object;Ljava/lang/Object;IIII)Ljava/lang/Object;> (0x0000000088654480) thrown at [t:/workspace/open/src/hotspot/share/in
Event: 5.160 Thread 0x000001abc3c69800 Exception <a 'java/lang/NoSuchMethodError'{0x0000000088588b88}: java.lang.invoke.DirectMethodHandle$Holder.invokeStatic(Ljava/lang/Object;J)V> (0x0000000088588b88) thrown at [t:/workspace/open/src/hotspot/share/interpreter/linkResolver.cpp, line 772]
Event: 5.161 Thread 0x000001abc3c69800 Exception <a 'java/lang/NoSuchMethodError'{0x000000008858dae8}: java.lang.invoke.DirectMethodHandle$Holder.invokeStatic(Ljava/lang/Object;J)Ljava/lang/Object;> (0x000000008858dae8) thrown at [t:/workspace/open/src/hotspot/share/interpreter/linkResolver.cp
Event: 5.162 Thread 0x000001abc3c69800 Exception <a 'java/lang/NoSuchMethodError'{0x000000008859bb80}: java.lang.invoke.DirectMethodHandle$Holder.invokeStaticInit(Ljava/lang/Object;Ljava/lang/Object;JLjava/lang/Object;)Ljava/lang/Object;> (0x000000008859bb80) thrown at [t:/workspace/open/src/h
Event: 5.163 Thread 0x000001abc3c69800 Exception <a 'java/lang/NoSuchMethodError'{0x00000000885a1a68}: java.lang.invoke.DirectMethodHandle$Holder.invokeStatic(Ljava/lang/Object;Ljava/lang/Object;J)Ljava/lang/Object;> (0x00000000885a1a68) thrown at [t:/workspace/open/src/hotspot/share/interpret
Event: 5.163 Thread 0x000001abc3c69800 Exception <a 'java/lang/NoSuchMethodError'{0x00000000885a7f48}: java.lang.invoke.Invokers$Holder.linkToTargetMethod(Ljava/lang/Object;JLjava/lang/Object;)Ljava/lang/Object;> (0x00000000885a7f48) thrown at [t:/workspace/open/src/hotspot/share/interpreter/l

Events (10 events):
Event: 6.780 Executing VM operation: G1CollectForAllocation done
Event: 6.947 Executing VM operation: G1CollectForAllocation
Event: 6.949 Executing VM operation: G1CollectForAllocation done
Event: 7.076 Executing VM operation: G1CollectForAllocation
Event: 7.078 Executing VM operation: G1CollectForAllocation done
Event: 7.220 Executing VM operation: G1CollectForAllocation
Event: 7.222 Executing VM operation: G1CollectForAllocation done
Event: 7.315 Executing VM operation: G1CollectForAllocation
Event: 7.317 Executing VM operation: G1CollectForAllocation done
Event: 7.456 Executing VM operation: G1CollectForAllocation


Dynamic libraries:
0x00007ff633280000 - 0x00007ff6332c7000 	C:\Program Files\Java\jdk-11.0.1\bin\java.exe
0x00007ffbbf940000 - 0x00007ffbbfb12000 	C:\Windows\SYSTEM32\ntdll.dll
0x00007ffbbf380000 - 0x00007ffbbf42c000 	C:\Windows\System32\KERNEL32.DLL
0x00007ffbbc5d0000 - 0x00007ffbbc7ed000 	C:\Windows\System32\KERNELBASE.dll
0x00007ffbbf000000 - 0x00007ffbbf0a2000 	C:\Windows\System32\ADVAPI32.dll
0x00007ffbbe9c0000 - 0x00007ffbbea5e000 	C:\Windows\System32\msvcrt.dll
0x00007ffbbe960000 - 0x00007ffbbe9b9000 	C:\Windows\System32\sechost.dll
0x00007ffbbea90000 - 0x00007ffbbebb1000 	C:\Windows\System32\RPCRT4.dll
0x00007ffbbee90000 - 0x00007ffbbeff5000 	C:\Windows\System32\USER32.dll
0x00007ffbbc010000 - 0x00007ffbbc02e000 	C:\Windows\System32\win32u.dll
0x00007ffbbee40000 - 0x00007ffbbee74000 	C:\Windows\System32\GDI32.dll
0x00007ffbbc360000 - 0x00007ffbbc4e0000 	C:\Windows\System32\gdi32full.dll
0x00007ffbaf7e0000 - 0x00007ffbafa5a000 	C:\Windows\WinSxS\amd64_microsoft.windows.common-controls_6595b64144ccf1df_6.0.14393.953_none_42151e83c686086b\COMCTL32.dll
0x00007ffbbf0b0000 - 0x00007ffbbf378000 	C:\Windows\System32\combase.dll
0x00007ffbbc030000 - 0x00007ffbbc125000 	C:\Windows\System32\ucrtbase.dll
0x00007ffbbc2f0000 - 0x00007ffbbc35a000 	C:\Windows\System32\bcryptPrimitives.dll
0x00007ffbb8f20000 - 0x00007ffbb8f2a000 	C:\Windows\SYSTEM32\VERSION.dll
0x00007ffbbea60000 - 0x00007ffbbea8e000 	C:\Windows\System32\IMM32.DLL
0x00007ffbaf570000 - 0x00007ffbaf586000 	C:\Program Files\Java\jdk-11.0.1\bin\vcruntime140.dll
0x00007ffba65c0000 - 0x00007ffba666a000 	C:\Program Files\Java\jdk-11.0.1\bin\msvcp140.dll
0x00007ffb95910000 - 0x00007ffb96452000 	C:\Program Files\Java\jdk-11.0.1\bin\server\jvm.dll
0x00007ffbbf790000 - 0x00007ffbbf798000 	C:\Windows\System32\PSAPI.DLL
0x00007ffbb2270000 - 0x00007ffbb2279000 	C:\Windows\SYSTEM32\WSOCK32.dll
0x00007ffbbed20000 - 0x00007ffbbed8a000 	C:\Windows\System32\WS2_32.dll
0x00007ffbba2b0000 - 0x00007ffbba2d3000 	C:\Windows\SYSTEM32\WINMM.dll
0x00007ffbba280000 - 0x00007ffbba2ab000 	C:\Windows\SYSTEM32\WINMMBASE.dll
0x00007ffbbc4e0000 - 0x00007ffbbc522000 	C:\Windows\System32\cfgmgr32.dll
0x00007ffbbbe30000 - 0x00007ffbbbe3f000 	C:\Windows\System32\kernel.appcore.dll
0x00007ffbaf550000 - 0x00007ffbaf561000 	C:\Program Files\Java\jdk-11.0.1\bin\verify.dll
0x00007ffba70c0000 - 0x00007ffba7252000 	C:\Windows\SYSTEM32\DBGHELP.DLL
0x00007ffbaf140000 - 0x00007ffbaf169000 	C:\Windows\SYSTEM32\dbgcore.DLL
0x00007ffbaf480000 - 0x00007ffbaf4a9000 	C:\Program Files\Java\jdk-11.0.1\bin\java.dll
0x00007ffbba240000 - 0x00007ffbba26f000 	C:\Program Files\Java\jdk-11.0.1\bin\instrument.dll
0x00007ffbaf530000 - 0x00007ffbaf546000 	C:\Program Files\Java\jdk-11.0.1\bin\zip.dll
0x00007ffbaf470000 - 0x00007ffbaf47a000 	C:\Program Files\Java\jdk-11.0.1\bin\jimage.dll
0x00007ffbbcfc0000 - 0x00007ffbbe4c9000 	C:\Windows\System32\SHELL32.dll
0x00007ffbbc7f0000 - 0x00007ffbbcec9000 	C:\Windows\System32\windows.storage.dll
0x00007ffbbbdc0000 - 0x00007ffbbbe0c000 	C:\Windows\System32\powrprof.dll
0x00007ffbbcf60000 - 0x00007ffbbcfb2000 	C:\Windows\System32\shlwapi.dll
0x00007ffbbc190000 - 0x00007ffbbc239000 	C:\Windows\System32\shcore.dll
0x00007ffbbbe10000 - 0x00007ffbbbe24000 	C:\Windows\System32\profapi.dll
0x00007ffbad910000 - 0x00007ffbad929000 	C:\Program Files\Java\jdk-11.0.1\bin\net.dll
0x00007ffbb7250000 - 0x00007ffbb731d000 	C:\Windows\SYSTEM32\WINHTTP.dll
0x00007ffbbb680000 - 0x00007ffbbb6dc000 	C:\Windows\system32\mswsock.dll
0x00007ffbad330000 - 0x00007ffbad343000 	C:\Program Files\Java\jdk-11.0.1\bin\nio.dll
0x00007ffbba2e0000 - 0x00007ffbba2fa000 	C:\Program Files\JetBrains\IntelliJ IDEA Community Edition 2018.3.2\bin\breakgen64.dll
0x00007ffba62a0000 - 0x00007ffba62a9000 	C:\Program Files\Java\jdk-11.0.1\bin\management.dll
0x00007ffba6290000 - 0x00007ffba629c000 	C:\Program Files\Java\jdk-11.0.1\bin\management_ext.dll
0x00007ffbbb820000 - 0x00007ffbbb837000 	C:\Windows\SYSTEM32\CRYPTSP.dll
0x00007ffbbb280000 - 0x00007ffbbb2b3000 	C:\Windows\system32\rsaenh.dll
0x00007ffbbbcf0000 - 0x00007ffbbbd1b000 	C:\Windows\SYSTEM32\bcrypt.dll
0x00007ffbbb500000 - 0x00007ffbbb51f000 	C:\Windows\SYSTEM32\USERENV.dll
0x00007ffbbb840000 - 0x00007ffbbb84b000 	C:\Windows\SYSTEM32\CRYPTBASE.dll
0x00007ffbbb400000 - 0x00007ffbbb438000 	C:\Windows\SYSTEM32\IPHLPAPI.DLL
0x00007ffbbed90000 - 0x00007ffbbed98000 	C:\Windows\System32\NSI.dll
0x00007ffbb8960000 - 0x00007ffbb8976000 	C:\Windows\SYSTEM32\dhcpcsvc6.DLL
0x00007ffbb8940000 - 0x00007ffbb895a000 	C:\Windows\SYSTEM32\dhcpcsvc.DLL
0x00007ffbbb440000 - 0x00007ffbbb4e1000 	C:\Windows\SYSTEM32\DNSAPI.dll
0x00007ffbb4970000 - 0x00007ffbb497a000 	C:\Windows\System32\rasadhlp.dll
0x00007ffbb7060000 - 0x00007ffbb70ca000 	C:\Windows\System32\fwpuclnt.dll

dbghelp: loaded successfully - version: 4.0.5 - missing functions: none
symbol engine: initialized successfully - sym options: 0x614 - pdb path: .;C:\Program Files\Java\jdk-11.0.1\bin;C:\Windows\SYSTEM32;C:\Windows\WinSxS\amd64_microsoft.windows.common-controls_6595b64144ccf1df_6.0.14393.953_none_42151e83c686086b;C:\Program Files\Java\jdk-11.0.1\bin\server;C:\Program Files\JetBrains\IntelliJ IDEA Community Edition 2018.3.2\bin

VM Arguments:
jvm_args: -javaagent:C:\Program Files\JetBrains\IntelliJ IDEA Community Edition 2018.3.2\lib\idea_rt.jar=52905:C:\Program Files\JetBrains\IntelliJ IDEA Community Edition 2018.3.2\bin -Dfile.encoding=UTF-8 
java_command: ServerMain
java_class_path (initial): C:\Users\User\IdeaProjects\otus_java_2018_12\L161MessageServer\MessageServer\target\classes;C:\Users\User\.m2\repository\com\google\code\gson\gson\2.8.5\gson-2.8.5.jar
Launcher Type: SUN_STANDARD

[Global flags]
     intx CICompilerCount                          = 3                                         {product} {ergonomic}
     uint ConcGCThreads                            = 1                                         {product} {ergonomic}
     uint G1ConcRefinementThreads                  = 4                                         {product} {ergonomic}
   size_t G1HeapRegionSize                         = 1048576                                   {product} {ergonomic}
    uintx GCDrainStackTargetSize                   = 64                                        {product} {ergonomic}
   size_t InitialHeapSize                          = 134217728                                 {product} {ergonomic}
   size_t MarkStackSize                            = 4194304                                   {product} {ergonomic}
   size_t MaxHeapSize                              = 2139095040                                {product} {ergonomic}
   size_t MaxNewSize                               = 1283457024                                {product} {ergonomic}
   size_t MinHeapDeltaBytes                        = 1048576                                   {product} {ergonomic}
    uintx NonNMethodCodeHeapSize                   = 5830092                                {pd product} {ergonomic}
    uintx NonProfiledCodeHeapSize                  = 122914074                              {pd product} {ergonomic}
    uintx ProfiledCodeHeapSize                     = 122914074                              {pd product} {ergonomic}
    uintx ReservedCodeCacheSize                    = 251658240                              {pd product} {ergonomic}
     bool SegmentedCodeCache                       = true                                      {product} {ergonomic}
     bool UseCompressedClassPointers               = true                                 {lp64_product} {ergonomic}
     bool UseCompressedOops                        = true                                 {lp64_product} {ergonomic}
     bool UseG1GC                                  = true                                      {product} {ergonomic}
     bool UseLargePagesIndividualAllocation        = false                                  {pd product} {ergonomic}

Logging:
Log output configuration:
 #0: stdout all=warning uptime,level,tags
 #1: stderr all=off uptime,level,tags

Environment Variables:
JAVA_HOME=C:\Program Files\Java\jdk-11.0.1
PATH=C:\Program Files\Java\jdk-11.0.1\bin;C:\Program Files\Maven\bin;C:\Program Files\Git\cmd;C:\Program Files\PostgreSQL\11\bin;C:\Users\User\AppData\Local\Microsoft\WindowsApps;
USERNAME=User
OS=Windows_NT
PROCESSOR_IDENTIFIER=Intel64 Family 6 Model 158 Stepping 9, GenuineIntel



---------------  S Y S T E M  ---------------

OS: Windows 10 , 64 bit Build 14393 (10.0.14393.2155)

CPU:total 4 (initial active 4) (4 cores per cpu, 1 threads per core) family 6 model 158 stepping 9, cmov, cx8, fxsr, mmx, sse, sse2, sse3, ssse3, sse4.1, sse4.2, popcnt, avx, avx2, aes, clmul, erms, 3dnowpref, lzcnt, tsc, tscinvbit, bmi1, bmi2, adx, fma

Memory: 4k page, system-wide physical 8157M (3429M free)
TotalPageFile size 8157M (AvailPageFile size 6M)
current process WorkingSet (physical memory assigned to process): 128M, peak: 128M
current process commit charge ("private bytes"): 208M, peak: 234M

vm_info: Java HotSpot(TM) 64-Bit Server VM (11.0.1+13-LTS) for windows-amd64 JRE (11.0.1+13-LTS), built on Oct  6 2018 13:20:16 by "mach5one" with MS VC++ 15.5 (VS2017)

END.
