#
# There is insufficient memory for the Java Runtime Environment to continue.
# Native memory allocation (malloc) failed to allocate 1048576 bytes for AllocateHeap
# Possible reasons:
#   The system is out of physical RAM or swap space
#   The process is running with CompressedOops enabled, and the Java Heap may be blocking the growth of the native heap
# Possible solutions:
#   Reduce memory load on the system
#   Increase physical memory or swap space
#   Check if swap backing store is full
#   Decrease Java heap size (-Xmx/-Xms)
#   Decrease number of Java threads
#   Decrease Java thread stack sizes (-Xss)
#   Set larger code cache with -XX:ReservedCodeCacheSize=
#   JVM is running with Unscaled Compressed Oops mode in which the Java heap is
#     placed in the first 4GB address space. The Java Heap base address is the
#     maximum limit for the native heap growth. Please use -XX:HeapBaseMinAddress
#     to set the Java Heap base and to place the Java Heap above 4GB virtual address.
# This output file may be truncated or incomplete.
#
#  Out of Memory Error (t:/workspace/open/src/hotspot/share/memory/allocation.cpp:46), pid=1756, tid=3564
#
# JRE version: Java(TM) SE Runtime Environment (11.0.1+13) (build 11.0.1+13-LTS)
# Java VM: Java HotSpot(TM) 64-Bit Server VM (11.0.1+13-LTS, mixed mode, tiered, compressed oops, g1 gc, windows-amd64)
# No core dump will be written. Minidumps are not enabled by default on client versions of Windows
#

---------------  S U M M A R Y ------------

Command Line: DataBaseClient/target/database-jar-with-dependencies.jar -port 5052

Host: Intel(R) Core(TM) i5-7400 CPU @ 3.00GHz, 4 cores, 7G,  Windows 10 , 64 bit Build 14393 (10.0.14393.2155)
Time: Sun Jun 23 14:42:57 2019 RTZ 2 (ceia) elapsed time: 2 seconds (0d 0h 0m 2s)

---------------  T H R E A D  ---------------

Current thread (0x00000216791c7800):  VMThread "VM Thread" [stack: 0x000000a0ee300000,0x000000a0ee400000] [id=3564]

Stack: [0x000000a0ee300000,0x000000a0ee400000]
[error occurred during error reporting (printing stack bounds), id 0xc0000005, EXCEPTION_ACCESS_VIOLATION (0xc0000005) at pc=0x0000021600000bad]

Native frames: (J=compiled Java code, j=interpreted, Vv=VM code, C=native code)
V  [jvm.dll+0x63c21a]
V  [jvm.dll+0x7797df]
V  [jvm.dll+0x77adca]
V  [jvm.dll+0x77b3e5]
V  [jvm.dll+0x77b39b]
V  [jvm.dll+0x63b916]
V  [jvm.dll+0x63bce8]
C  [ntdll.dll+0xaab6d]
C  [ntdll.dll+0x49933]
C  [ntdll.dll+0xa9c8a]
C  0x0000021600000bad

VM_Operation (0x000000a0eddfa3d0): CollectForMetadataAllocation, mode: safepoint, requested by thread 0x0000021667f35800


---------------  P R O C E S S  ---------------

Threads class SMR info:
_java_thread_list=0x000002167a6167c0, length=13, elements={
0x0000021667f35800, 0x0000021679200000, 0x0000021679203000, 0x0000021679b72800,
0x0000021679208000, 0x0000021679208800, 0x000002167920b800, 0x000002167920d000,
0x0000021679ccb000, 0x0000021679cc0000, 0x000002167a17f800, 0x000002167a637000,
0x000002167ba4c800
}

Java Threads: ( => current thread )
  0x0000021667f35800 JavaThread "main" [_thread_blocked, id=5440, stack(0x000000a0edd00000,0x000000a0ede00000)]
  0x0000021679200000 JavaThread "Reference Handler" daemon [_thread_blocked, id=5060, stack(0x000000a0ee400000,0x000000a0ee500000)]
  0x0000021679203000 JavaThread "Finalizer" daemon [_thread_blocked, id=5584, stack(0x000000a0ee500000,0x000000a0ee600000)]
  0x0000021679b72800 JavaThread "Signal Dispatcher" daemon [_thread_blocked, id=3464, stack(0x000000a0ee600000,0x000000a0ee700000)]
  0x0000021679208000 JavaThread "Attach Listener" daemon [_thread_blocked, id=5412, stack(0x000000a0ee700000,0x000000a0ee800000)]
  0x0000021679208800 JavaThread "C2 CompilerThread0" daemon [_thread_blocked, id=1732, stack(0x000000a0ee800000,0x000000a0ee900000)]
  0x000002167920b800 JavaThread "C1 CompilerThread0" daemon [_thread_blocked, id=1316, stack(0x000000a0ee900000,0x000000a0eea00000)]
  0x000002167920d000 JavaThread "Sweeper thread" daemon [_thread_blocked, id=4732, stack(0x000000a0eea00000,0x000000a0eeb00000)]
  0x0000021679ccb000 JavaThread "Service Thread" daemon [_thread_blocked, id=5528, stack(0x000000a0eeb00000,0x000000a0eec00000)]
  0x0000021679cc0000 JavaThread "Common-Cleaner" daemon [_thread_blocked, id=5964, stack(0x000000a0eed00000,0x000000a0eee00000)]
  0x000002167a17f800 JavaThread "Keep-Alive-Timer" daemon [_thread_blocked, id=2516, stack(0x000000a0eee00000,0x000000a0eef00000)]
  0x000002167a637000 JavaThread "Hibernate Connection Pool Validation Thread" daemon [_thread_blocked, id=6124, stack(0x000000a0ef200000,0x000000a0ef300000)]
  0x000002167ba4c800 JavaThread "C2 CompilerThread1" daemon [_thread_blocked, id=2452, stack(0x000000a0ef300000,0x000000a0ef400000)]

Other Threads:
=>0x00000216791c7800 VMThread "VM Thread" [stack: 0x000000a0ee300000,0x000000a0ee400000] [id=3564]
  0x0000021679cbd000 WatcherThread [stack: 0x000000a0eec00000,0x000000a0eed00000] [id=5764]
  0x0000021667f4c000 GCTaskThread "GC Thread#0" [stack: 0x000000a0ede00000,0x000000a0edf00000] [id=4600]
  0x000002167a29e800 GCTaskThread "GC Thread#1" [stack: 0x000000a0eef00000,0x000000a0ef000000] [id=5328]
  0x000002167a184800 GCTaskThread "GC Thread#2" [stack: 0x000000a0ef000000,0x000000a0ef100000] [id=3648]
  0x0000021667f7b000 ConcurrentGCThread "G1 Main Marker" [stack: 0x000000a0edf00000,0x000000a0ee000000] [id=1528]
  0x0000021667f7d800 ConcurrentGCThread "G1 Conc#0" [stack: 0x000000a0ee000000,0x000000a0ee100000] [id=6080]
  0x000002166800e800 ConcurrentGCThread "G1 Refine#0" [stack: 0x000000a0ee100000,0x000000a0ee200000] [id=5860]
  0x000002166800f800 ConcurrentGCThread "G1 Young RemSet Sampling" [stack: 0x000000a0ee200000,0x000000a0ee300000] [id=2848]

Threads with active compile tasks:

VM state:at safepoint (normal execution)

VM Mutex/Monitor currently owned by a thread:  ([mutex/lock_event])
[0x0000021667f31420] Threads_lock - owner thread: 0x00000216791c7800
[0x0000021667f323e0] Heap_lock - owner thread: 0x0000021667f35800

Heap address: 0x0000000080800000, size: 2040 MB, Compressed Oops mode: 32-bit
Narrow klass base: 0x0000000000000000, Narrow klass shift: 3
Compressed class space size: 1073741824 Address: 0x0000000100000000

Heap:
 garbage-first heap   total 131072K, used 8485K [0x0000000080800000, 0x0000000100000000)
  region size 1024K, 4 young (4096K), 4 survivors (4096K)
 Metaspace       used 33343K, capacity 33709K, committed 33792K, reserved 1087488K
  class space    used 4140K, capacity 4293K, committed 4352K, reserved 1048576K
Heap Regions: E=young(eden), S=young(survivor), O=old, HS=humongous(starts), HC=humongous(continues), CS=collection set, F=free, A=archive, TAMS=top-at-mark-start (previous, next)
|   0|0x0000000080800000, 0x0000000080900000, 0x0000000080900000|100%| O|  |TAMS 0x0000000080900000, 0x0000000080900000| Untracked 
|   1|0x0000000080900000, 0x00000000809cf400, 0x0000000080a00000| 80%| O|  |TAMS 0x00000000809cf400, 0x00000000809cf400| Untracked 
|   2|0x0000000080a00000, 0x0000000080b00000, 0x0000000080b00000|100%|HS|  |TAMS 0x0000000080b00000, 0x0000000080b00000| Complete 
|   3|0x0000000080b00000, 0x0000000080c00000, 0x0000000080c00000|100%|HC|  |TAMS 0x0000000080c00000, 0x0000000080c00000| Complete 
|   4|0x0000000080c00000, 0x0000000080d00000, 0x0000000080d00000|100%| O|  |TAMS 0x0000000080d00000, 0x0000000080d00000| Untracked 
|   5|0x0000000080d00000, 0x0000000080d00000, 0x0000000080e00000|  0%| F|  |TAMS 0x0000000080d00000, 0x0000000080d00000| Untracked 
|   6|0x0000000080e00000, 0x0000000080e00000, 0x0000000080f00000|  0%| F|  |TAMS 0x0000000080e00000, 0x0000000080e00000| Untracked 
|   7|0x0000000080f00000, 0x0000000080f00000, 0x0000000081000000|  0%| F|  |TAMS 0x0000000080f00000, 0x0000000080f00000| Untracked 
|   8|0x0000000081000000, 0x0000000081000000, 0x0000000081100000|  0%| F|  |TAMS 0x0000000081000000, 0x0000000081000000| Untracked 
|   9|0x0000000081100000, 0x0000000081100000, 0x0000000081200000|  0%| F|  |TAMS 0x0000000081100000, 0x0000000081100000| Untracked 
|  10|0x0000000081200000, 0x0000000081200000, 0x0000000081300000|  0%| F|  |TAMS 0x0000000081200000, 0x0000000081200000| Untracked 
|  11|0x0000000081300000, 0x0000000081300000, 0x0000000081400000|  0%| F|  |TAMS 0x0000000081300000, 0x0000000081300000| Untracked 
|  12|0x0000000081400000, 0x0000000081400000, 0x0000000081500000|  0%| F|  |TAMS 0x0000000081400000, 0x0000000081400000| Untracked 
|  13|0x0000000081500000, 0x0000000081500000, 0x0000000081600000|  0%| F|  |TAMS 0x0000000081500000, 0x0000000081500000| Untracked 
|  14|0x0000000081600000, 0x0000000081600000, 0x0000000081700000|  0%| F|  |TAMS 0x0000000081600000, 0x0000000081600000| Untracked 
|  15|0x0000000081700000, 0x0000000081700000, 0x0000000081800000|  0%| F|  |TAMS 0x0000000081700000, 0x0000000081700000| Untracked 
|  16|0x0000000081800000, 0x0000000081800000, 0x0000000081900000|  0%| F|  |TAMS 0x0000000081800000, 0x0000000081800000| Untracked 
|  17|0x0000000081900000, 0x0000000081900000, 0x0000000081a00000|  0%| F|  |TAMS 0x0000000081900000, 0x0000000081900000| Untracked 
|  18|0x0000000081a00000, 0x0000000081a00000, 0x0000000081b00000|  0%| F|  |TAMS 0x0000000081a00000, 0x0000000081a00000| Untracked 
|  19|0x0000000081b00000, 0x0000000081b00000, 0x0000000081c00000|  0%| F|  |TAMS 0x0000000081b00000, 0x0000000081b00000| Untracked 
|  20|0x0000000081c00000, 0x0000000081c00000, 0x0000000081d00000|  0%| F|  |TAMS 0x0000000081c00000, 0x0000000081c00000| Untracked 
|  21|0x0000000081d00000, 0x0000000081d00000, 0x0000000081e00000|  0%| F|  |TAMS 0x0000000081d00000, 0x0000000081d00000| Untracked 
|  22|0x0000000081e00000, 0x0000000081e00000, 0x0000000081f00000|  0%| F|  |TAMS 0x0000000081e00000, 0x0000000081e00000| Untracked 
|  23|0x0000000081f00000, 0x0000000081f00000, 0x0000000082000000|  0%| F|  |TAMS 0x0000000081f00000, 0x0000000081f00000| Untracked 
|  24|0x0000000082000000, 0x0000000082000000, 0x0000000082100000|  0%| F|  |TAMS 0x0000000082000000, 0x0000000082000000| Untracked 
|  25|0x0000000082100000, 0x0000000082100000, 0x0000000082200000|  0%| F|  |TAMS 0x0000000082100000, 0x0000000082100000| Untracked 
|  26|0x0000000082200000, 0x0000000082200000, 0x0000000082300000|  0%| F|  |TAMS 0x0000000082200000, 0x0000000082200000| Untracked 
|  27|0x0000000082300000, 0x0000000082300000, 0x0000000082400000|  0%| F|  |TAMS 0x0000000082300000, 0x0000000082300000| Untracked 
|  28|0x0000000082400000, 0x0000000082400000, 0x0000000082500000|  0%| F|  |TAMS 0x0000000082400000, 0x0000000082400000| Untracked 
|  29|0x0000000082500000, 0x0000000082500000, 0x0000000082600000|  0%| F|  |TAMS 0x0000000082500000, 0x0000000082500000| Untracked 
|  30|0x0000000082600000, 0x0000000082600000, 0x0000000082700000|  0%| F|  |TAMS 0x0000000082600000, 0x0000000082600000| Untracked 
|  31|0x0000000082700000, 0x0000000082700000, 0x0000000082800000|  0%| F|  |TAMS 0x0000000082700000, 0x0000000082700000| Untracked 
|  32|0x0000000082800000, 0x0000000082800000, 0x0000000082900000|  0%| F|  |TAMS 0x0000000082800000, 0x0000000082800000| Untracked 
|  33|0x0000000082900000, 0x0000000082900000, 0x0000000082a00000|  0%| F|  |TAMS 0x0000000082900000, 0x0000000082900000| Untracked 
|  34|0x0000000082a00000, 0x0000000082a00000, 0x0000000082b00000|  0%| F|  |TAMS 0x0000000082a00000, 0x0000000082a00000| Untracked 
|  35|0x0000000082b00000, 0x0000000082b00000, 0x0000000082c00000|  0%| F|  |TAMS 0x0000000082b00000, 0x0000000082b00000| Untracked 
|  36|0x0000000082c00000, 0x0000000082c00000, 0x0000000082d00000|  0%| F|  |TAMS 0x0000000082c00000, 0x0000000082c00000| Untracked 
|  37|0x0000000082d00000, 0x0000000082d00000, 0x0000000082e00000|  0%| F|  |TAMS 0x0000000082d00000, 0x0000000082d00000| Untracked 
|  38|0x0000000082e00000, 0x0000000082e00000, 0x0000000082f00000|  0%| F|  |TAMS 0x0000000082e00000, 0x0000000082e00000| Untracked 
|  39|0x0000000082f00000, 0x0000000082f00000, 0x0000000083000000|  0%| F|  |TAMS 0x0000000082f00000, 0x0000000082f00000| Untracked 
|  40|0x0000000083000000, 0x0000000083000000, 0x0000000083100000|  0%| F|  |TAMS 0x0000000083000000, 0x0000000083000000| Untracked 
|  41|0x0000000083100000, 0x0000000083100000, 0x0000000083200000|  0%| F|  |TAMS 0x0000000083100000, 0x0000000083100000| Untracked 
|  42|0x0000000083200000, 0x0000000083200000, 0x0000000083300000|  0%| F|  |TAMS 0x0000000083200000, 0x0000000083200000| Untracked 
|  43|0x0000000083300000, 0x0000000083300000, 0x0000000083400000|  0%| F|  |TAMS 0x0000000083300000, 0x0000000083300000| Untracked 
|  44|0x0000000083400000, 0x0000000083400000, 0x0000000083500000|  0%| F|  |TAMS 0x0000000083400000, 0x0000000083400000| Untracked 
|  45|0x0000000083500000, 0x0000000083500000, 0x0000000083600000|  0%| F|  |TAMS 0x0000000083500000, 0x0000000083500000| Untracked 
|  46|0x0000000083600000, 0x0000000083600000, 0x0000000083700000|  0%| F|  |TAMS 0x0000000083600000, 0x0000000083600000| Untracked 
|  47|0x0000000083700000, 0x0000000083700000, 0x0000000083800000|  0%| F|  |TAMS 0x0000000083700000, 0x0000000083700000| Untracked 
|  48|0x0000000083800000, 0x0000000083800000, 0x0000000083900000|  0%| F|  |TAMS 0x0000000083800000, 0x0000000083800000| Untracked 
|  49|0x0000000083900000, 0x0000000083900000, 0x0000000083a00000|  0%| F|  |TAMS 0x0000000083900000, 0x0000000083900000| Untracked 
|  50|0x0000000083a00000, 0x0000000083a00000, 0x0000000083b00000|  0%| F|  |TAMS 0x0000000083a00000, 0x0000000083a00000| Untracked 
|  51|0x0000000083b00000, 0x0000000083b00000, 0x0000000083c00000|  0%| F|  |TAMS 0x0000000083b00000, 0x0000000083b00000| Untracked 
|  52|0x0000000083c00000, 0x0000000083c00000, 0x0000000083d00000|  0%| F|  |TAMS 0x0000000083c00000, 0x0000000083c00000| Untracked 
|  53|0x0000000083d00000, 0x0000000083d00000, 0x0000000083e00000|  0%| F|  |TAMS 0x0000000083d00000, 0x0000000083d00000| Untracked 
|  54|0x0000000083e00000, 0x0000000083e00000, 0x0000000083f00000|  0%| F|  |TAMS 0x0000000083e00000, 0x0000000083e00000| Untracked 
|  55|0x0000000083f00000, 0x0000000083f00000, 0x0000000084000000|  0%| F|  |TAMS 0x0000000083f00000, 0x0000000083f00000| Untracked 
|  56|0x0000000084000000, 0x0000000084000000, 0x0000000084100000|  0%| F|  |TAMS 0x0000000084000000, 0x0000000084000000| Untracked 
|  57|0x0000000084100000, 0x0000000084100000, 0x0000000084200000|  0%| F|  |TAMS 0x0000000084100000, 0x0000000084100000| Untracked 
|  58|0x0000000084200000, 0x0000000084200000, 0x0000000084300000|  0%| F|  |TAMS 0x0000000084200000, 0x0000000084200000| Untracked 
|  59|0x0000000084300000, 0x0000000084300000, 0x0000000084400000|  0%| F|  |TAMS 0x0000000084300000, 0x0000000084300000| Untracked 
|  60|0x0000000084400000, 0x0000000084400000, 0x0000000084500000|  0%| F|  |TAMS 0x0000000084400000, 0x0000000084400000| Untracked 
|  61|0x0000000084500000, 0x0000000084500000, 0x0000000084600000|  0%| F|  |TAMS 0x0000000084500000, 0x0000000084500000| Untracked 
|  62|0x0000000084600000, 0x0000000084600000, 0x0000000084700000|  0%| F|  |TAMS 0x0000000084600000, 0x0000000084600000| Untracked 
|  63|0x0000000084700000, 0x0000000084700000, 0x0000000084800000|  0%| F|  |TAMS 0x0000000084700000, 0x0000000084700000| Untracked 
|  64|0x0000000084800000, 0x0000000084800000, 0x0000000084900000|  0%| F|  |TAMS 0x0000000084800000, 0x0000000084800000| Untracked 
|  65|0x0000000084900000, 0x0000000084900000, 0x0000000084a00000|  0%| F|  |TAMS 0x0000000084900000, 0x0000000084900000| Untracked 
|  66|0x0000000084a00000, 0x0000000084a00000, 0x0000000084b00000|  0%| F|  |TAMS 0x0000000084a00000, 0x0000000084a00000| Untracked 
|  67|0x0000000084b00000, 0x0000000084b00000, 0x0000000084c00000|  0%| F|  |TAMS 0x0000000084b00000, 0x0000000084b00000| Untracked 
|  68|0x0000000084c00000, 0x0000000084c00000, 0x0000000084d00000|  0%| F|  |TAMS 0x0000000084c00000, 0x0000000084c00000| Untracked 
|  69|0x0000000084d00000, 0x0000000084d00000, 0x0000000084e00000|  0%| F|  |TAMS 0x0000000084d00000, 0x0000000084d00000| Untracked 
|  70|0x0000000084e00000, 0x0000000084e00000, 0x0000000084f00000|  0%| F|  |TAMS 0x0000000084e00000, 0x0000000084e00000| Untracked 
|  71|0x0000000084f00000, 0x0000000084f00000, 0x0000000085000000|  0%| F|  |TAMS 0x0000000084f00000, 0x0000000084f00000| Untracked 
|  72|0x0000000085000000, 0x0000000085000000, 0x0000000085100000|  0%| F|  |TAMS 0x0000000085000000, 0x0000000085000000| Untracked 
|  73|0x0000000085100000, 0x0000000085100000, 0x0000000085200000|  0%| F|  |TAMS 0x0000000085100000, 0x0000000085100000| Untracked 
|  74|0x0000000085200000, 0x0000000085200000, 0x0000000085300000|  0%| F|  |TAMS 0x0000000085200000, 0x0000000085200000| Untracked 
|  75|0x0000000085300000, 0x0000000085300000, 0x0000000085400000|  0%| F|  |TAMS 0x0000000085300000, 0x0000000085300000| Untracked 
|  76|0x0000000085400000, 0x0000000085400000, 0x0000000085500000|  0%| F|  |TAMS 0x0000000085400000, 0x0000000085400000| Untracked 
|  77|0x0000000085500000, 0x0000000085500000, 0x0000000085600000|  0%| F|  |TAMS 0x0000000085500000, 0x0000000085500000| Untracked 
|  78|0x0000000085600000, 0x0000000085600000, 0x0000000085700000|  0%| F|  |TAMS 0x0000000085600000, 0x0000000085600000| Untracked 
|  79|0x0000000085700000, 0x0000000085700000, 0x0000000085800000|  0%| F|  |TAMS 0x0000000085700000, 0x0000000085700000| Untracked 
|  80|0x0000000085800000, 0x0000000085800000, 0x0000000085900000|  0%| F|  |TAMS 0x0000000085800000, 0x0000000085800000| Untracked 
|  81|0x0000000085900000, 0x0000000085900000, 0x0000000085a00000|  0%| F|  |TAMS 0x0000000085900000, 0x0000000085900000| Untracked 
|  82|0x0000000085a00000, 0x0000000085a00000, 0x0000000085b00000|  0%| F|  |TAMS 0x0000000085a00000, 0x0000000085a00000| Untracked 
|  83|0x0000000085b00000, 0x0000000085b00000, 0x0000000085c00000|  0%| F|  |TAMS 0x0000000085b00000, 0x0000000085b00000| Untracked 
|  84|0x0000000085c00000, 0x0000000085c00000, 0x0000000085d00000|  0%| F|  |TAMS 0x0000000085c00000, 0x0000000085c00000| Untracked 
|  85|0x0000000085d00000, 0x0000000085d00000, 0x0000000085e00000|  0%| F|  |TAMS 0x0000000085d00000, 0x0000000085d00000| Untracked 
|  86|0x0000000085e00000, 0x0000000085e00000, 0x0000000085f00000|  0%| F|  |TAMS 0x0000000085e00000, 0x0000000085e00000| Untracked 
|  87|0x0000000085f00000, 0x0000000085f00000, 0x0000000086000000|  0%| F|  |TAMS 0x0000000085f00000, 0x0000000085f00000| Untracked 
|  88|0x0000000086000000, 0x0000000086000000, 0x0000000086100000|  0%| F|  |TAMS 0x0000000086000000, 0x0000000086000000| Untracked 
|  89|0x0000000086100000, 0x0000000086100000, 0x0000000086200000|  0%| F|  |TAMS 0x0000000086100000, 0x0000000086100000| Untracked 
|  90|0x0000000086200000, 0x0000000086200000, 0x0000000086300000|  0%| F|  |TAMS 0x0000000086200000, 0x0000000086200000| Untracked 
|  91|0x0000000086300000, 0x0000000086300000, 0x0000000086400000|  0%| F|  |TAMS 0x0000000086300000, 0x0000000086300000| Untracked 
|  92|0x0000000086400000, 0x0000000086400000, 0x0000000086500000|  0%| F|  |TAMS 0x0000000086400000, 0x0000000086400000| Untracked 
|  93|0x0000000086500000, 0x0000000086500000, 0x0000000086600000|  0%| F|  |TAMS 0x0000000086500000, 0x0000000086500000| Untracked 
|  94|0x0000000086600000, 0x0000000086600000, 0x0000000086700000|  0%| F|  |TAMS 0x0000000086600000, 0x0000000086600000| Untracked 
|  95|0x0000000086700000, 0x0000000086700000, 0x0000000086800000|  0%| F|  |TAMS 0x0000000086700000, 0x0000000086700000| Untracked 
|  96|0x0000000086800000, 0x0000000086800000, 0x0000000086900000|  0%| F|  |TAMS 0x0000000086800000, 0x0000000086800000| Untracked 
|  97|0x0000000086900000, 0x0000000086900000, 0x0000000086a00000|  0%| F|  |TAMS 0x0000000086900000, 0x0000000086900000| Untracked 
|  98|0x0000000086a00000, 0x0000000086a00000, 0x0000000086b00000|  0%| F|  |TAMS 0x0000000086a00000, 0x0000000086a00000| Untracked 
|  99|0x0000000086b00000, 0x0000000086b00000, 0x0000000086c00000|  0%| F|  |TAMS 0x0000000086b00000, 0x0000000086b00000| Untracked 
| 100|0x0000000086c00000, 0x0000000086c00000, 0x0000000086d00000|  0%| F|  |TAMS 0x0000000086c00000, 0x0000000086c00000| Untracked 
| 101|0x0000000086d00000, 0x0000000086d00000, 0x0000000086e00000|  0%| F|  |TAMS 0x0000000086d00000, 0x0000000086d00000| Untracked 
| 102|0x0000000086e00000, 0x0000000086e00000, 0x0000000086f00000|  0%| F|  |TAMS 0x0000000086e00000, 0x0000000086e00000| Untracked 
| 103|0x0000000086f00000, 0x0000000086f00000, 0x0000000087000000|  0%| F|  |TAMS 0x0000000086f00000, 0x0000000086f00000| Untracked 
| 104|0x0000000087000000, 0x0000000087000000, 0x0000000087100000|  0%| F|  |TAMS 0x0000000087000000, 0x0000000087000000| Untracked 
| 105|0x0000000087100000, 0x0000000087100000, 0x0000000087200000|  0%| F|  |TAMS 0x0000000087100000, 0x0000000087100000| Untracked 
| 106|0x0000000087200000, 0x0000000087200000, 0x0000000087300000|  0%| F|  |TAMS 0x0000000087200000, 0x0000000087200000| Untracked 
| 107|0x0000000087300000, 0x0000000087300000, 0x0000000087400000|  0%| F|  |TAMS 0x0000000087300000, 0x0000000087300000| Untracked 
| 108|0x0000000087400000, 0x0000000087400000, 0x0000000087500000|  0%| F|  |TAMS 0x0000000087400000, 0x0000000087400000| Untracked 
| 109|0x0000000087500000, 0x0000000087500000, 0x0000000087600000|  0%| F|  |TAMS 0x0000000087500000, 0x0000000087500000| Untracked 
| 110|0x0000000087600000, 0x0000000087600000, 0x0000000087700000|  0%| F|  |TAMS 0x0000000087600000, 0x0000000087600000| Untracked 
| 111|0x0000000087700000, 0x0000000087700000, 0x0000000087800000|  0%| F|  |TAMS 0x0000000087700000, 0x0000000087700000| Untracked 
| 112|0x0000000087800000, 0x0000000087800000, 0x0000000087900000|  0%| F|  |TAMS 0x0000000087800000, 0x0000000087800000| Untracked 
| 113|0x0000000087900000, 0x0000000087900000, 0x0000000087a00000|  0%| F|  |TAMS 0x0000000087900000, 0x0000000087900000| Untracked 
| 114|0x0000000087a00000, 0x0000000087a00000, 0x0000000087b00000|  0%| F|  |TAMS 0x0000000087a00000, 0x0000000087a00000| Untracked 
| 115|0x0000000087b00000, 0x0000000087b00000, 0x0000000087c00000|  0%| F|  |TAMS 0x0000000087b00000, 0x0000000087b00000| Untracked 
| 116|0x0000000087c00000, 0x0000000087c00000, 0x0000000087d00000|  0%| F|  |TAMS 0x0000000087c00000, 0x0000000087c00000| Untracked 
| 117|0x0000000087d00000, 0x0000000087d7a160, 0x0000000087e00000| 47%| S|CS|TAMS 0x0000000087d00000, 0x0000000087d00000| Complete 
| 118|0x0000000087e00000, 0x0000000087f00000, 0x0000000087f00000|100%| S|CS|TAMS 0x0000000087e00000, 0x0000000087e00000| Complete 
| 119|0x0000000087f00000, 0x0000000088000000, 0x0000000088000000|100%| S|CS|TAMS 0x0000000087f00000, 0x0000000087f00000| Complete 
| 120|0x0000000088000000, 0x0000000088100000, 0x0000000088100000|100%| S|CS|TAMS 0x0000000088000000, 0x0000000088000000| Complete 
| 121|0x0000000088100000, 0x0000000088100000, 0x0000000088200000|  0%| F|  |TAMS 0x0000000088100000, 0x0000000088100000| Untracked 
| 122|0x0000000088200000, 0x0000000088200000, 0x0000000088300000|  0%| F|  |TAMS 0x0000000088200000, 0x0000000088200000| Untracked 
| 123|0x0000000088300000, 0x0000000088300000, 0x0000000088400000|  0%| F|  |TAMS 0x0000000088300000, 0x0000000088300000| Untracked 
| 124|0x0000000088400000, 0x0000000088400000, 0x0000000088500000|  0%| F|  |TAMS 0x0000000088400000, 0x0000000088400000| Untracked 
| 125|0x0000000088500000, 0x0000000088500000, 0x0000000088600000|  0%| F|  |TAMS 0x0000000088500000, 0x0000000088500000| Untracked 
| 126|0x0000000088600000, 0x0000000088600000, 0x0000000088700000|  0%| F|  |TAMS 0x0000000088600000, 0x0000000088600000| Untracked 
| 127|0x0000000088700000, 0x0000000088700000, 0x0000000088800000|  0%| F|  |TAMS 0x0000000088700000, 0x0000000088700000| Untracked 

Card table byte_map: [0x0000021672440000,0x0000021672840000] _byte_map_base: 0x000002167203c000

Marking Bits (Prev, Next): (CMBitMap*) 0x0000021667f723a0, (CMBitMap*) 0x0000021667f72368
 Prev Bits: [0x0000021674c20000, 0x0000021676c00000)
 Next Bits: [0x0000021672c40000, 0x0000021674c20000)

Polling page: 0x0000021667d90000

Metaspace:

Usage:
  Non-class:     28.73 MB capacity,    28.52 MB (>99%) used,   165.52 KB ( <1%) free+waste,    47.50 KB ( <1%) overhead. 
      Class:      4.19 MB capacity,     4.04 MB ( 96%) used,   131.43 KB (  3%) free+waste,    20.81 KB ( <1%) overhead. 
       Both:     32.92 MB capacity,    32.56 MB ( 99%) used,   296.95 KB ( <1%) free+waste,    68.31 KB ( <1%) overhead. 

Virtual space:
  Non-class space:       38.00 MB reserved,      28.75 MB ( 76%) committed 
      Class space:        1.00 GB reserved,       4.25 MB ( <1%) committed 
             Both:        1.04 GB reserved,      33.00 MB (  3%) committed 

Chunk freelists:
   Non-Class:  3.00 KB
       Class:  3.38 KB
        Both:  6.38 KB

CodeHeap 'non-profiled nmethods': size=120064Kb used=740Kb max_used=740Kb free=119323Kb
 bounds [0x0000021607ac0000, 0x0000021607d30000, 0x000002160f000000]
CodeHeap 'profiled nmethods': size=120000Kb used=3852Kb max_used=3852Kb free=116147Kb
 bounds [0x0000021600590000, 0x0000021600960000, 0x0000021607ac0000]
CodeHeap 'non-nmethods': size=5696Kb used=1178Kb max_used=1234Kb free=4517Kb
 bounds [0x0000021600000000, 0x0000021600270000, 0x0000021600590000]
 total_blobs=2932 nmethods=2021 adapters=430
 compilation: enabled
              stopped_count=0, restarted_count=0
 full_count=0

Compilation events (10 events):
Event: 2.045 Thread 0x000002167920b800 2017       3       java.util.zip.ZipFile$Source::hash_append (7 bytes)
Event: 2.045 Thread 0x000002167920b800 nmethod 2017 0x0000021600951f10 code [0x00000216009520c0, 0x0000021600952218]
Event: 2.047 Thread 0x000002167920b800 2018       3       java.lang.Module::getClassLoader (20 bytes)
Event: 2.047 Thread 0x000002167920b800 nmethod 2018 0x0000021600952290 code [0x0000021600952460, 0x0000021600952750]
Event: 2.048 Thread 0x000002167920b800 2019       3       java.lang.invoke.MethodHandleNatives::findMethodHandleType (7 bytes)
Event: 2.048 Thread 0x000002167920b800 nmethod 2019 0x0000021600952890 code [0x0000021600952a40, 0x0000021600952bb0]
Event: 2.052 Thread 0x000002167ba4c800 2020       4       java.lang.invoke.DirectMethodHandle$Holder::invokeStatic (20 bytes)
Event: 2.052 Thread 0x000002167ba4c800 nmethod 2020 0x0000021607b78a10 code [0x0000021607b78bc0, 0x0000021607b78c88]
Event: 2.056 Thread 0x000002167920b800 2021  s    3       java.lang.Throwable::fillInStackTrace (29 bytes)
Event: 2.056 Thread 0x000002167920b800 nmethod 2021 0x0000021600952c90 code [0x0000021600952e60, 0x0000021600953250]

GC Heap History (10 events):
Event: 0.728 GC heap before
{Heap before GC invocations=0 (full 0):
 garbage-first heap   total 131072K, used 17408K [0x0000000080800000, 0x0000000100000000)
  region size 1024K, 14 young (14336K), 0 survivors (0K)
 Metaspace       used 15835K, capacity 16113K, committed 16256K, reserved 1064960K
  class space    used 1565K, capacity 1650K, committed 1664K, reserved 1048576K
}
Event: 0.733 GC heap after
{Heap after GC invocations=1 (full 0):
 garbage-first heap   total 131072K, used 5023K [0x0000000080800000, 0x0000000100000000)
  region size 1024K, 2 young (2048K), 2 survivors (2048K)
 Metaspace       used 15835K, capacity 16113K, committed 16256K, reserved 1064960K
  class space    used 1565K, capacity 1650K, committed 1664K, reserved 1048576K
}
Event: 0.973 GC heap before
{Heap before GC invocations=1 (full 0):
 garbage-first heap   total 131072K, used 18335K [0x0000000080800000, 0x0000000100000000)
  region size 1024K, 15 young (15360K), 2 survivors (2048K)
 Metaspace       used 20264K, capacity 20634K, committed 20864K, reserved 1067008K
  class space    used 2281K, capacity 2411K, committed 2432K, reserved 1048576K
}
Event: 0.976 GC heap after
{Heap after GC invocations=2 (full 0):
 garbage-first heap   total 131072K, used 5788K [0x0000000080800000, 0x0000000100000000)
  region size 1024K, 1 young (1024K), 1 survivors (1024K)
 Metaspace       used 20264K, capacity 20634K, committed 20864K, reserved 1067008K
  class space    used 2281K, capacity 2411K, committed 2432K, reserved 1048576K
}
Event: 0.996 GC heap before
{Heap before GC invocations=2 (full 0):
 garbage-first heap   total 131072K, used 6812K [0x0000000080800000, 0x0000000100000000)
  region size 1024K, 3 young (3072K), 1 survivors (1024K)
 Metaspace       used 20875K, capacity 21210K, committed 21248K, reserved 1069056K
  class space    used 2406K, capacity 2539K, committed 2560K, reserved 1048576K
}
Event: 0.998 GC heap after
{Heap after GC invocations=3 (full 0):
 garbage-first heap   total 131072K, used 5856K [0x0000000080800000, 0x0000000100000000)
  region size 1024K, 1 young (1024K), 1 survivors (1024K)
 Metaspace       used 20875K, capacity 21210K, committed 21248K, reserved 1069056K
  class space    used 2406K, capacity 2539K, committed 2560K, reserved 1048576K
}
Event: 1.840 GC heap before
{Heap before GC invocations=4 (full 0):
 garbage-first heap   total 131072K, used 37600K [0x0000000080800000, 0x0000000100000000)
  region size 1024K, 32 young (32768K), 1 survivors (1024K)
 Metaspace       used 31768K, capacity 32125K, committed 32256K, reserved 1077248K
  class space    used 3905K, capacity 4026K, committed 4096K, reserved 1048576K
}
Event: 1.844 GC heap after
{Heap after GC invocations=5 (full 0):
 garbage-first heap   total 131072K, used 8053K [0x0000000080800000, 0x0000000100000000)
  region size 1024K, 4 young (4096K), 4 survivors (4096K)
 Metaspace       used 31768K, capacity 32125K, committed 32256K, reserved 1077248K
  class space    used 3905K, capacity 4026K, committed 4096K, reserved 1048576K
}
Event: 2.057 GC heap before
{Heap before GC invocations=5 (full 0):
 garbage-first heap   total 131072K, used 14197K [0x0000000080800000, 0x0000000100000000)
  region size 1024K, 11 young (11264K), 4 survivors (4096K)
 Metaspace       used 33343K, capacity 33709K, committed 33792K, reserved 1085440K
  class space    used 4140K, capacity 4293K, committed 4352K, reserved 1048576K
}
Event: 2.060 GC heap after
{Heap after GC invocations=6 (full 0):
 garbage-first heap   total 131072K, used 8485K [0x0000000080800000, 0x0000000100000000)
  region size 1024K, 4 young (4096K), 4 survivors (4096K)
 Metaspace       used 33343K, capacity 33709K, committed 33792K, reserved 1085440K
  class space    used 4140K, capacity 4293K, committed 4352K, reserved 1048576K
}

Deoptimization events (6 events):
Event: 0.072 Thread 0x0000021667f35800 Uncommon trap: reason=unstable_if action=reinterpret pc=0x0000021607ac4ef4 method=java.lang.String.hashCode()I @ 14 c2
Event: 0.271 Thread 0x0000021667f35800 Uncommon trap: reason=unstable_if action=reinterpret pc=0x0000021607ac9990 method=java.lang.String.isLatin1()Z @ 10 c2
Event: 0.275 Thread 0x0000021667f35800 Uncommon trap: reason=unstable_if action=reinterpret pc=0x0000021607ac8bf8 method=java.lang.String.isLatin1()Z @ 10 c2
Event: 0.369 Thread 0x0000021667f35800 Uncommon trap: reason=unstable_if action=reinterpret pc=0x0000021607ae5a3c method=java.util.HashMap.putVal(ILjava/lang/Object;Ljava/lang/Object;ZZ)Ljava/lang/Object; @ 181 c2
Event: 0.831 Thread 0x0000021667f35800 Uncommon trap: reason=unstable_if action=reinterpret pc=0x0000021607b073e0 method=java.util.HashMap.getNode(ILjava/lang/Object;)Ljava/util/HashMap$Node; @ 62 c2
Event: 0.924 Thread 0x0000021667f35800 Uncommon trap: reason=unstable_if action=reinterpret pc=0x0000021607afb37c method=java.util.concurrent.ConcurrentHashMap.get(Ljava/lang/Object;)Ljava/lang/Object; @ 76 c2

Classes redefined (0 events):
No events

Internal exceptions (10 events):
Event: 0.340 Thread 0x0000021667f35800 Exception <a 'java/lang/NoSuchMethodError'{0x00000000880bdec0}: java.lang.invoke.DirectMethodHandle$Holder.invokeStatic(Ljava/lang/Object;Ljava/lang/Object;Ljava/lang/Object;Ljava/lang/Object;Ljava/lang/Object;Ljava/lang/Object;Ljava/lang/Object;Ljava/lan
Event: 0.342 Thread 0x0000021667f35800 Exception <a 'java/lang/NoSuchMethodError'{0x00000000880cba70}: java.lang.invoke.DirectMethodHandle$Holder.invokeStatic(Ljava/lang/Object;Ljava/lang/Object;Ljava/lang/Object;Ljava/lang/Object;Ljava/lang/Object;Ljava/lang/Object;Ljava/lang/Object;Ljava/lan
Event: 0.344 Thread 0x0000021667f35800 Exception <a 'java/lang/NoSuchMethodError'{0x00000000880d9918}: java.lang.invoke.DirectMethodHandle$Holder.invokeSpecial(Ljava/lang/Object;Ljava/lang/Object;IILjava/lang/Object;Ljava/lang/Object;Ljava/lang/Object;)Ljava/lang/Object;> (0x00000000880d9918) 
Event: 0.344 Thread 0x0000021667f35800 Exception <a 'java/lang/NoSuchMethodError'{0x00000000880dcea0}: java.lang.invoke.DelegatingMethodHandle$Holder.reinvoke_L(Ljava/lang/Object;IILjava/lang/Object;Ljava/lang/Object;Ljava/lang/Object;)Ljava/lang/Object;> (0x00000000880dcea0) thrown at [t:/wor
Event: 0.344 Thread 0x0000021667f35800 Exception <a 'java/lang/NoSuchMethodError'{0x00000000880e1228}: java.lang.invoke.DirectMethodHandle$Holder.invokeStatic(Ljava/lang/Object;Ljava/lang/Object;Ljava/lang/Object;Ljava/lang/Object;I)Ljava/lang/Object;> (0x00000000880e1228) thrown at [t:/worksp
Event: 0.408 Thread 0x0000021667f35800 Exception <a 'java/lang/ClassNotFoundException'{0x0000000087fa66a0}: com/sun/org/apache/xerces/internal/impl/xpath/regex/spi/messageProvider> (0x0000000087fa66a0) thrown at [t:/workspace/open/src/hotspot/share/classfile/systemDictionary.cpp, line 231]
Event: 0.949 Thread 0x0000021667f35800 Exception <a 'java/lang/NoSuchMethodError'{0x0000000087b34af0}: java.lang.invoke.DirectMethodHandle$Holder.invokeStaticInit(Ljava/lang/Object;IIII)Ljava/lang/Object;> (0x0000000087b34af0) thrown at [t:/workspace/open/src/hotspot/share/interpreter/linkReso
Event: 0.969 Thread 0x0000021667f35800 Exception <a 'java/lang/NoSuchMethodError'{0x0000000087be6440}: java.lang.invoke.DirectMethodHandle$Holder.invokeStaticInit(Ljava/lang/Object;Ljava/lang/Object;IIII)Ljava/lang/Object;> (0x0000000087be6440) thrown at [t:/workspace/open/src/hotspot/share/in
Event: 1.149 Thread 0x0000021667f35800 Exception <a 'java/lang/NoSuchMethodError'{0x000000008803fa98}: java.lang.invoke.DirectMethodHandle$Holder.invokeVirtual(Ljava/lang/Object;Ljava/lang/Object;)V> (0x000000008803fa98) thrown at [t:/workspace/open/src/hotspot/share/interpreter/linkResolver.c
Event: 1.939 Thread 0x0000021667f35800 Exception <a 'java/lang/NoSuchMethodError'{0x000000008853c308}: java.lang.invoke.DirectMethodHandle$Holder.invokeInterface(Ljava/lang/Object;Ljava/lang/Object;)V> (0x000000008853c308) thrown at [t:/workspace/open/src/hotspot/share/interpreter/linkResolver

Events (10 events):
Event: 2.056 loading class org/hibernate/resource/transaction/backend/jdbc/internal/DdlTransactionIsolatorNonJtaImpl done
Event: 2.057 loading class org/hibernate/tool/schema/internal/Helper
Event: 2.057 loading class org/hibernate/tool/schema/internal/Helper done
Event: 2.057 loading class org/hibernate/tool/schema/spi/ScriptTargetOutput
Event: 2.057 loading class org/hibernate/tool/schema/spi/ScriptTargetOutput done
Event: 2.057 loading class org/hibernate/tool/schema/spi/ScriptSourceInput
Event: 2.057 loading class org/hibernate/tool/schema/spi/ScriptSourceInput done
Event: 2.057 loading class org/hibernate/tool/schema/extract/spi/DatabaseInformation
Event: 2.057 loading class org/hibernate/tool/schema/extract/spi/DatabaseInformation done
Event: 2.057 Executing VM operation: CollectForMetadataAllocation


Dynamic libraries:
0x00007ff633280000 - 0x00007ff6332c7000 	C:\Program Files\Java\jdk-11.0.1\bin\java.exe
0x00007ffbbf940000 - 0x00007ffbbfb12000 	C:\Windows\SYSTEM32\ntdll.dll
0x00007ffbbf380000 - 0x00007ffbbf42c000 	C:\Windows\System32\KERNEL32.DLL
0x00007ffbbc5d0000 - 0x00007ffbbc7ed000 	C:\Windows\System32\KERNELBASE.dll
0x00007ffbbf000000 - 0x00007ffbbf0a2000 	C:\Windows\System32\ADVAPI32.dll
0x00007ffbbe9c0000 - 0x00007ffbbea5e000 	C:\Windows\System32\msvcrt.dll
0x00007ffbbe960000 - 0x00007ffbbe9b9000 	C:\Windows\System32\sechost.dll
0x00007ffbbea90000 - 0x00007ffbbebb1000 	C:\Windows\System32\RPCRT4.dll
0x00007ffbbee90000 - 0x00007ffbbeff5000 	C:\Windows\System32\USER32.dll
0x00007ffbbc010000 - 0x00007ffbbc02e000 	C:\Windows\System32\win32u.dll
0x00007ffbbee40000 - 0x00007ffbbee74000 	C:\Windows\System32\GDI32.dll
0x00007ffbbc360000 - 0x00007ffbbc4e0000 	C:\Windows\System32\gdi32full.dll
0x00007ffbaf7e0000 - 0x00007ffbafa5a000 	C:\Windows\WinSxS\amd64_microsoft.windows.common-controls_6595b64144ccf1df_6.0.14393.953_none_42151e83c686086b\COMCTL32.dll
0x00007ffbbf0b0000 - 0x00007ffbbf378000 	C:\Windows\System32\combase.dll
0x00007ffbbc030000 - 0x00007ffbbc125000 	C:\Windows\System32\ucrtbase.dll
0x00007ffbbc2f0000 - 0x00007ffbbc35a000 	C:\Windows\System32\bcryptPrimitives.dll
0x00007ffbb8f20000 - 0x00007ffbb8f2a000 	C:\Windows\SYSTEM32\VERSION.dll
0x00007ffbbea60000 - 0x00007ffbbea8e000 	C:\Windows\System32\IMM32.DLL
0x00007ffbaf570000 - 0x00007ffbaf586000 	C:\Program Files\Java\jdk-11.0.1\bin\vcruntime140.dll
0x00007ffba65c0000 - 0x00007ffba666a000 	C:\Program Files\Java\jdk-11.0.1\bin\msvcp140.dll
0x00007ffb95910000 - 0x00007ffb96452000 	C:\Program Files\Java\jdk-11.0.1\bin\server\jvm.dll
0x00007ffbbf790000 - 0x00007ffbbf798000 	C:\Windows\System32\PSAPI.DLL
0x00007ffbb2270000 - 0x00007ffbb2279000 	C:\Windows\SYSTEM32\WSOCK32.dll
0x00007ffbbed20000 - 0x00007ffbbed8a000 	C:\Windows\System32\WS2_32.dll
0x00007ffbba2b0000 - 0x00007ffbba2d3000 	C:\Windows\SYSTEM32\WINMM.dll
0x00007ffbba280000 - 0x00007ffbba2ab000 	C:\Windows\SYSTEM32\WINMMBASE.dll
0x00007ffbbc4e0000 - 0x00007ffbbc522000 	C:\Windows\System32\cfgmgr32.dll
0x00007ffbbbe30000 - 0x00007ffbbbe3f000 	C:\Windows\System32\kernel.appcore.dll
0x00007ffbaf550000 - 0x00007ffbaf561000 	C:\Program Files\Java\jdk-11.0.1\bin\verify.dll
0x00007ffba70c0000 - 0x00007ffba7252000 	C:\Windows\SYSTEM32\DBGHELP.DLL
0x00007ffbaf140000 - 0x00007ffbaf169000 	C:\Windows\SYSTEM32\dbgcore.DLL
0x00007ffbaf480000 - 0x00007ffbaf4a9000 	C:\Program Files\Java\jdk-11.0.1\bin\java.dll
0x00007ffbaf530000 - 0x00007ffbaf546000 	C:\Program Files\Java\jdk-11.0.1\bin\zip.dll
0x00007ffbaf470000 - 0x00007ffbaf47a000 	C:\Program Files\Java\jdk-11.0.1\bin\jimage.dll
0x00007ffbbcfc0000 - 0x00007ffbbe4c9000 	C:\Windows\System32\SHELL32.dll
0x00007ffbbc7f0000 - 0x00007ffbbcec9000 	C:\Windows\System32\windows.storage.dll
0x00007ffbbbdc0000 - 0x00007ffbbbe0c000 	C:\Windows\System32\powrprof.dll
0x00007ffbbcf60000 - 0x00007ffbbcfb2000 	C:\Windows\System32\shlwapi.dll
0x00007ffbbc190000 - 0x00007ffbbc239000 	C:\Windows\System32\shcore.dll
0x00007ffbbbe10000 - 0x00007ffbbbe24000 	C:\Windows\System32\profapi.dll
0x00007ffbad910000 - 0x00007ffbad929000 	C:\Program Files\Java\jdk-11.0.1\bin\net.dll
0x00007ffbb7250000 - 0x00007ffbb731d000 	C:\Windows\SYSTEM32\WINHTTP.dll
0x00007ffbbb680000 - 0x00007ffbbb6dc000 	C:\Windows\system32\mswsock.dll
0x00007ffbad330000 - 0x00007ffbad343000 	C:\Program Files\Java\jdk-11.0.1\bin\nio.dll
0x00007ffbbb440000 - 0x00007ffbbb4e1000 	C:\Windows\SYSTEM32\DNSAPI.dll
0x00007ffbbed90000 - 0x00007ffbbed98000 	C:\Windows\System32\NSI.dll
0x00007ffbbb400000 - 0x00007ffbbb438000 	C:\Windows\SYSTEM32\IPHLPAPI.DLL
0x00007ffbb4970000 - 0x00007ffbb497a000 	C:\Windows\System32\rasadhlp.dll
0x00007ffbb7060000 - 0x00007ffbb70ca000 	C:\Windows\System32\fwpuclnt.dll
0x00007ffbbbcf0000 - 0x00007ffbbbd1b000 	C:\Windows\SYSTEM32\bcrypt.dll
0x00007ffbbb820000 - 0x00007ffbbb837000 	C:\Windows\SYSTEM32\CRYPTSP.dll
0x00007ffbbb280000 - 0x00007ffbbb2b3000 	C:\Windows\system32\rsaenh.dll
0x00007ffbbb500000 - 0x00007ffbbb51f000 	C:\Windows\SYSTEM32\USERENV.dll
0x00007ffbbb840000 - 0x00007ffbbb84b000 	C:\Windows\SYSTEM32\CRYPTBASE.dll
0x00007ffbb8960000 - 0x00007ffbb8976000 	C:\Windows\SYSTEM32\dhcpcsvc6.DLL
0x00007ffbb8940000 - 0x00007ffbb895a000 	C:\Windows\SYSTEM32\dhcpcsvc.DLL

dbghelp: loaded successfully - version: 4.0.5 - missing functions: none
symbol engine: initialized successfully - sym options: 0x614 - pdb path: .;C:\Program Files\Java\jdk-11.0.1\bin;C:\Windows\SYSTEM32;C:\Windows\WinSxS\amd64_microsoft.windows.common-controls_6595b64144ccf1df_6.0.14393.953_none_42151e83c686086b;C:\Program Files\Java\jdk-11.0.1\bin\server

VM Arguments:
java_command: DataBaseClient/target/database-jar-with-dependencies.jar -port 5052
java_class_path (initial): DataBaseClient/target/database-jar-with-dependencies.jar
Launcher Type: SUN_STANDARD

[Global flags]
     intx CICompilerCount                          = 3                                         {product} {ergonomic}
     uint ConcGCThreads                            = 1                                         {product} {ergonomic}
     uint G1ConcRefinementThreads                  = 4                                         {product} {ergonomic}
   size_t G1HeapRegionSize                         = 1048576                                   {product} {ergonomic}
    uintx GCDrainStackTargetSize                   = 64                                        {product} {ergonomic}
   size_t InitialHeapSize                          = 134217728                                 {product} {ergonomic}
   size_t MarkStackSize                            = 4194304                                   {product} {ergonomic}
   size_t MaxHeapSize                              = 2139095040                                {product} {ergonomic}
   size_t MaxNewSize                               = 1283457024                                {product} {ergonomic}
   size_t MinHeapDeltaBytes                        = 1048576                                   {product} {ergonomic}
    uintx NonNMethodCodeHeapSize                   = 5830092                                {pd product} {ergonomic}
    uintx NonProfiledCodeHeapSize                  = 122914074                              {pd product} {ergonomic}
    uintx ProfiledCodeHeapSize                     = 122914074                              {pd product} {ergonomic}
    uintx ReservedCodeCacheSize                    = 251658240                              {pd product} {ergonomic}
     bool SegmentedCodeCache                       = true                                      {product} {ergonomic}
     bool UseCompressedClassPointers               = true                                 {lp64_product} {ergonomic}
     bool UseCompressedOops                        = true                                 {lp64_product} {ergonomic}
     bool UseG1GC                                  = true                                      {product} {ergonomic}
     bool UseLargePagesIndividualAllocation        = false                                  {pd product} {ergonomic}

Logging:
Log output configuration:
 #0: stdout all=warning uptime,level,tags
 #1: stderr all=off uptime,level,tags

Environment Variables:
JAVA_HOME=C:\Program Files\Java\jdk-11.0.1
PATH=C:\Program Files\Java\jdk-11.0.1\bin;C:\Program Files\Maven\bin;C:\Program Files\Git\cmd;C:\Program Files\PostgreSQL\11\bin;C:\Users\User\AppData\Local\Microsoft\WindowsApps;
USERNAME=User
OS=Windows_NT
PROCESSOR_IDENTIFIER=Intel64 Family 6 Model 158 Stepping 9, GenuineIntel



---------------  S Y S T E M  ---------------

OS: Windows 10 , 64 bit Build 14393 (10.0.14393.2155)

CPU:total 4 (initial active 4) (4 cores per cpu, 1 threads per core) family 6 model 158 stepping 9, cmov, cx8, fxsr, mmx, sse, sse2, sse3, ssse3, sse4.1, sse4.2, popcnt, avx, avx2, aes, clmul, erms, 3dnowpref, lzcnt, tsc, tscinvbit, bmi1, bmi2, adx, fma

Memory: 4k page, system-wide physical 8157M (3459M free)
TotalPageFile size 8157M (AvailPageFile size 4M)
current process WorkingSet (physical memory assigned to process): 149M, peak: 156M
current process commit charge ("private bytes"): 270M, peak: 278M

vm_info: Java HotSpot(TM) 64-Bit Server VM (11.0.1+13-LTS) for windows-amd64 JRE (11.0.1+13-LTS), built on Oct  6 2018 13:20:16 by "mach5one" with MS VC++ 15.5 (VS2017)

END.
