#
# There is insufficient memory for the Java Runtime Environment to continue.
# Native memory allocation (malloc) failed to allocate 169200 bytes for Chunk::new
# Possible reasons:
#   The system is out of physical RAM or swap space
#   The process is running with CompressedOops enabled, and the Java Heap may be blocking the growth of the native heap
# Possible solutions:
#   Reduce memory load on the system
#   Increase physical memory or swap space
#   Check if swap backing store is full
#   Decrease Java heap size (-Xmx/-Xms)
#   Decrease number of Java threads
#   Decrease Java thread stack sizes (-Xss)
#   Set larger code cache with -XX:ReservedCodeCacheSize=
#   JVM is running with Unscaled Compressed Oops mode in which the Java heap is
#     placed in the first 4GB address space. The Java Heap base address is the
#     maximum limit for the native heap growth. Please use -XX:HeapBaseMinAddress
#     to set the Java Heap base and to place the Java Heap above 4GB virtual address.
# This output file may be truncated or incomplete.
#
#  Out of Memory Error (t:/workspace/open/src/hotspot/share/memory/arena.cpp:197), pid=3488, tid=1388
#
# JRE version: Java(TM) SE Runtime Environment (11.0.1+13) (build 11.0.1+13-LTS)
# Java VM: Java HotSpot(TM) 64-Bit Server VM (11.0.1+13-LTS, mixed mode, tiered, compressed oops, g1 gc, windows-amd64)
# No core dump will be written. Minidumps are not enabled by default on client versions of Windows
#

---------------  S U M M A R Y ------------

Command Line: DataBaseClient/target/database-jar-with-dependencies.jar -port 5052

Host: Intel(R) Core(TM) i5-7400 CPU @ 3.00GHz, 4 cores, 7G,  Windows 10 , 64 bit Build 14393 (10.0.14393.2155)
Time: Sun Jun 23 14:42:57 2019 RTZ 2 (ceia) elapsed time: 2 seconds (0d 0h 0m 2s)

---------------  T H R E A D  ---------------

Current thread (0x000001f9ff7a8800):  JavaThread "C2 CompilerThread0" daemon [_thread_in_native, id=1388, stack(0x000000eb5ed00000,0x000000eb5ee00000)]


Current CompileTask:
C2:   2055 1699   !   4       jdk.internal.loader.BuiltinClassLoader::loadClassOrNull (143 bytes)

Stack: [0x000000eb5ed00000,0x000000eb5ee00000]
Native frames: (J=compiled Java code, j=interpreted, Vv=VM code, C=native code)
V  [jvm.dll+0x63c21a]
V  [jvm.dll+0x7797df]
V  [jvm.dll+0x77adca]
V  [jvm.dll+0x77b483]
V  [jvm.dll+0x2627f8]
V  [jvm.dll+0xc5c71]
V  [jvm.dll+0xc61fc]
V  [jvm.dll+0x693c9b]
V  [jvm.dll+0x1ad992]
V  [jvm.dll+0x21c8d2]
V  [jvm.dll+0x21b96a]
V  [jvm.dll+0x198390]
V  [jvm.dll+0x22a97f]
V  [jvm.dll+0x228f98]
V  [jvm.dll+0x73f03d]
V  [jvm.dll+0x63b2b2]
C  [ucrtbase.dll+0x1cd70]
C  [KERNEL32.DLL+0x8364]
C  [ntdll.dll+0x67091]


---------------  P R O C E S S  ---------------

Threads class SMR info:
_java_thread_list=0x000001f99146eee0, length=13, elements={
0x000001f9ee4b3000, 0x000001f9ff78c000, 0x000001f9ff798000, 0x000001f98f133000,
0x000001f9ff7a7800, 0x000001f9ff7a8800, 0x000001f9ff7da000, 0x000001f98f16b800,
0x000001f98f270000, 0x000001f98f281000, 0x000001f98f7d2800, 0x000001f990c60800,
0x000001f9916b2000
}

Java Threads: ( => current thread )
  0x000001f9ee4b3000 JavaThread "main" [_thread_in_native, id=5508, stack(0x000000eb5e100000,0x000000eb5e200000)]
  0x000001f9ff78c000 JavaThread "Reference Handler" daemon [_thread_blocked, id=3176, stack(0x000000eb5e800000,0x000000eb5e900000)]
  0x000001f9ff798000 JavaThread "Finalizer" daemon [_thread_blocked, id=2396, stack(0x000000eb5e900000,0x000000eb5ea00000)]
  0x000001f98f133000 JavaThread "Signal Dispatcher" daemon [_thread_blocked, id=5972, stack(0x000000eb5eb00000,0x000000eb5ec00000)]
  0x000001f9ff7a7800 JavaThread "Attach Listener" daemon [_thread_blocked, id=2340, stack(0x000000eb5ec00000,0x000000eb5ed00000)]
=>0x000001f9ff7a8800 JavaThread "C2 CompilerThread0" daemon [_thread_in_native, id=1388, stack(0x000000eb5ed00000,0x000000eb5ee00000)]
  0x000001f9ff7da000 JavaThread "C1 CompilerThread0" daemon [_thread_blocked, id=3532, stack(0x000000eb5ee00000,0x000000eb5ef00000)]
  0x000001f98f16b800 JavaThread "Sweeper thread" daemon [_thread_blocked, id=5344, stack(0x000000eb5ef00000,0x000000eb5f000000)]
  0x000001f98f270000 JavaThread "Service Thread" daemon [_thread_blocked, id=2836, stack(0x000000eb5f000000,0x000000eb5f100000)]
  0x000001f98f281000 JavaThread "Common-Cleaner" daemon [_thread_blocked, id=2168, stack(0x000000eb5f200000,0x000000eb5f300000)]
  0x000001f98f7d2800 JavaThread "Keep-Alive-Timer" daemon [_thread_blocked, id=5824, stack(0x000000eb5f400000,0x000000eb5f500000)]
  0x000001f990c60800 JavaThread "Hibernate Connection Pool Validation Thread" daemon [_thread_blocked, id=4936, stack(0x000000eb5f800000,0x000000eb5f900000)]
  0x000001f9916b2000 JavaThread "C2 CompilerThread1" daemon [_thread_blocked, id=1912, stack(0x000000eb5fa00000,0x000000eb5fb00000)]

Other Threads:
  0x000001f9ff766000 VMThread "VM Thread" [stack: 0x000000eb5e700000,0x000000eb5e800000] [id=4052]
  0x000001f98f27f800 WatcherThread [stack: 0x000000eb5f100000,0x000000eb5f200000] [id=3756]
  0x000001f9ee4cb000 GCTaskThread "GC Thread#0" [stack: 0x000000eb5e200000,0x000000eb5e300000] [id=4644]
  0x000001f98f97e000 GCTaskThread "GC Thread#1" [stack: 0x000000eb5f500000,0x000000eb5f600000] [id=5992]
  0x000001f98f6b1800 GCTaskThread "GC Thread#2" [stack: 0x000000eb5f600000,0x000000eb5f700000] [id=6132]
  0x000001f9ee4fb000 ConcurrentGCThread "G1 Main Marker" [stack: 0x000000eb5e300000,0x000000eb5e400000] [id=5664]
  0x000001f9ee4fd000 ConcurrentGCThread "G1 Conc#0" [stack: 0x000000eb5e400000,0x000000eb5e500000] [id=5252]
  0x000001f9ee58d800 ConcurrentGCThread "G1 Refine#0" [stack: 0x000000eb5e500000,0x000000eb5e600000] [id=528]
  0x000001f9ee58e800 ConcurrentGCThread "G1 Young RemSet Sampling" [stack: 0x000000eb5e600000,0x000000eb5e700000] [id=900]

Threads with active compile tasks:
C2 CompilerThread01699   !   4       jdk.internal.loader.BuiltinClassLoader::loadClassOrNull (143 bytes)
C1 CompilerThread01965       3       java.util.concurrent.CopyOnWriteArrayList::<init> (24 bytes)

VM state:not at safepoint (normal execution)

VM Mutex/Monitor currently owned by a thread: None

Heap address: 0x0000000080800000, size: 2040 MB, Compressed Oops mode: 32-bit
Narrow klass base: 0x0000000000000000, Narrow klass shift: 3
Compressed class space size: 1073741824 Address: 0x0000000100000000

Heap:
 garbage-first heap   total 131072K, used 22915K [0x0000000080800000, 0x0000000100000000)
  region size 1024K, 19 young (19456K), 3 survivors (3072K)
 Metaspace       used 32174K, capacity 32519K, committed 32768K, reserved 1077248K
  class space    used 3944K, capacity 4067K, committed 4096K, reserved 1048576K
Heap Regions: E=young(eden), S=young(survivor), O=old, HS=humongous(starts), HC=humongous(continues), CS=collection set, F=free, A=archive, TAMS=top-at-mark-start (previous, next)
|   0|0x0000000080800000, 0x0000000080900000, 0x0000000080900000|100%| O|  |TAMS 0x0000000080800000, 0x0000000080800000| Untracked 
|   1|0x0000000080900000, 0x00000000809ece08, 0x0000000080a00000| 92%| O|  |TAMS 0x0000000080900000, 0x0000000080900000| Untracked 
|   2|0x0000000080a00000, 0x0000000080b00000, 0x0000000080b00000|100%|HS|  |TAMS 0x0000000080b00000, 0x0000000080a00000| Complete 
|   3|0x0000000080b00000, 0x0000000080c00000, 0x0000000080c00000|100%|HC|  |TAMS 0x0000000080c00000, 0x0000000080b00000| Complete 
|   4|0x0000000080c00000, 0x0000000080d00000, 0x0000000080d00000|100%| O|  |TAMS 0x0000000080cd5400, 0x0000000080c00000| Untracked 
|   5|0x0000000080d00000, 0x0000000080d00000, 0x0000000080e00000|  0%| F|  |TAMS 0x0000000080d00000, 0x0000000080d00000| Untracked 
|   6|0x0000000080e00000, 0x0000000080e00000, 0x0000000080f00000|  0%| F|  |TAMS 0x0000000080e00000, 0x0000000080e00000| Untracked 
|   7|0x0000000080f00000, 0x0000000080f00000, 0x0000000081000000|  0%| F|  |TAMS 0x0000000080f00000, 0x0000000080f00000| Untracked 
|   8|0x0000000081000000, 0x0000000081000000, 0x0000000081100000|  0%| F|  |TAMS 0x0000000081000000, 0x0000000081000000| Untracked 
|   9|0x0000000081100000, 0x0000000081100000, 0x0000000081200000|  0%| F|  |TAMS 0x0000000081100000, 0x0000000081100000| Untracked 
|  10|0x0000000081200000, 0x0000000081200000, 0x0000000081300000|  0%| F|  |TAMS 0x0000000081200000, 0x0000000081200000| Untracked 
|  11|0x0000000081300000, 0x0000000081300000, 0x0000000081400000|  0%| F|  |TAMS 0x0000000081300000, 0x0000000081300000| Untracked 
|  12|0x0000000081400000, 0x0000000081400000, 0x0000000081500000|  0%| F|  |TAMS 0x0000000081400000, 0x0000000081400000| Untracked 
|  13|0x0000000081500000, 0x0000000081500000, 0x0000000081600000|  0%| F|  |TAMS 0x0000000081500000, 0x0000000081500000| Untracked 
|  14|0x0000000081600000, 0x0000000081600000, 0x0000000081700000|  0%| F|  |TAMS 0x0000000081600000, 0x0000000081600000| Untracked 
|  15|0x0000000081700000, 0x0000000081700000, 0x0000000081800000|  0%| F|  |TAMS 0x0000000081700000, 0x0000000081700000| Untracked 
|  16|0x0000000081800000, 0x0000000081800000, 0x0000000081900000|  0%| F|  |TAMS 0x0000000081800000, 0x0000000081800000| Untracked 
|  17|0x0000000081900000, 0x0000000081900000, 0x0000000081a00000|  0%| F|  |TAMS 0x0000000081900000, 0x0000000081900000| Untracked 
|  18|0x0000000081a00000, 0x0000000081a00000, 0x0000000081b00000|  0%| F|  |TAMS 0x0000000081a00000, 0x0000000081a00000| Untracked 
|  19|0x0000000081b00000, 0x0000000081b00000, 0x0000000081c00000|  0%| F|  |TAMS 0x0000000081b00000, 0x0000000081b00000| Untracked 
|  20|0x0000000081c00000, 0x0000000081c00000, 0x0000000081d00000|  0%| F|  |TAMS 0x0000000081c00000, 0x0000000081c00000| Untracked 
|  21|0x0000000081d00000, 0x0000000081d00000, 0x0000000081e00000|  0%| F|  |TAMS 0x0000000081d00000, 0x0000000081d00000| Untracked 
|  22|0x0000000081e00000, 0x0000000081e00000, 0x0000000081f00000|  0%| F|  |TAMS 0x0000000081e00000, 0x0000000081e00000| Untracked 
|  23|0x0000000081f00000, 0x0000000081f00000, 0x0000000082000000|  0%| F|  |TAMS 0x0000000081f00000, 0x0000000081f00000| Untracked 
|  24|0x0000000082000000, 0x0000000082000000, 0x0000000082100000|  0%| F|  |TAMS 0x0000000082000000, 0x0000000082000000| Untracked 
|  25|0x0000000082100000, 0x0000000082100000, 0x0000000082200000|  0%| F|  |TAMS 0x0000000082100000, 0x0000000082100000| Untracked 
|  26|0x0000000082200000, 0x0000000082200000, 0x0000000082300000|  0%| F|  |TAMS 0x0000000082200000, 0x0000000082200000| Untracked 
|  27|0x0000000082300000, 0x0000000082300000, 0x0000000082400000|  0%| F|  |TAMS 0x0000000082300000, 0x0000000082300000| Untracked 
|  28|0x0000000082400000, 0x0000000082400000, 0x0000000082500000|  0%| F|  |TAMS 0x0000000082400000, 0x0000000082400000| Untracked 
|  29|0x0000000082500000, 0x0000000082500000, 0x0000000082600000|  0%| F|  |TAMS 0x0000000082500000, 0x0000000082500000| Untracked 
|  30|0x0000000082600000, 0x0000000082600000, 0x0000000082700000|  0%| F|  |TAMS 0x0000000082600000, 0x0000000082600000| Untracked 
|  31|0x0000000082700000, 0x0000000082700000, 0x0000000082800000|  0%| F|  |TAMS 0x0000000082700000, 0x0000000082700000| Untracked 
|  32|0x0000000082800000, 0x0000000082800000, 0x0000000082900000|  0%| F|  |TAMS 0x0000000082800000, 0x0000000082800000| Untracked 
|  33|0x0000000082900000, 0x0000000082900000, 0x0000000082a00000|  0%| F|  |TAMS 0x0000000082900000, 0x0000000082900000| Untracked 
|  34|0x0000000082a00000, 0x0000000082a00000, 0x0000000082b00000|  0%| F|  |TAMS 0x0000000082a00000, 0x0000000082a00000| Untracked 
|  35|0x0000000082b00000, 0x0000000082b00000, 0x0000000082c00000|  0%| F|  |TAMS 0x0000000082b00000, 0x0000000082b00000| Untracked 
|  36|0x0000000082c00000, 0x0000000082c00000, 0x0000000082d00000|  0%| F|  |TAMS 0x0000000082c00000, 0x0000000082c00000| Untracked 
|  37|0x0000000082d00000, 0x0000000082d00000, 0x0000000082e00000|  0%| F|  |TAMS 0x0000000082d00000, 0x0000000082d00000| Untracked 
|  38|0x0000000082e00000, 0x0000000082e00000, 0x0000000082f00000|  0%| F|  |TAMS 0x0000000082e00000, 0x0000000082e00000| Untracked 
|  39|0x0000000082f00000, 0x0000000082f00000, 0x0000000083000000|  0%| F|  |TAMS 0x0000000082f00000, 0x0000000082f00000| Untracked 
|  40|0x0000000083000000, 0x0000000083000000, 0x0000000083100000|  0%| F|  |TAMS 0x0000000083000000, 0x0000000083000000| Untracked 
|  41|0x0000000083100000, 0x0000000083100000, 0x0000000083200000|  0%| F|  |TAMS 0x0000000083100000, 0x0000000083100000| Untracked 
|  42|0x0000000083200000, 0x0000000083200000, 0x0000000083300000|  0%| F|  |TAMS 0x0000000083200000, 0x0000000083200000| Untracked 
|  43|0x0000000083300000, 0x0000000083300000, 0x0000000083400000|  0%| F|  |TAMS 0x0000000083300000, 0x0000000083300000| Untracked 
|  44|0x0000000083400000, 0x0000000083400000, 0x0000000083500000|  0%| F|  |TAMS 0x0000000083400000, 0x0000000083400000| Untracked 
|  45|0x0000000083500000, 0x0000000083500000, 0x0000000083600000|  0%| F|  |TAMS 0x0000000083500000, 0x0000000083500000| Untracked 
|  46|0x0000000083600000, 0x0000000083600000, 0x0000000083700000|  0%| F|  |TAMS 0x0000000083600000, 0x0000000083600000| Untracked 
|  47|0x0000000083700000, 0x0000000083700000, 0x0000000083800000|  0%| F|  |TAMS 0x0000000083700000, 0x0000000083700000| Untracked 
|  48|0x0000000083800000, 0x0000000083800000, 0x0000000083900000|  0%| F|  |TAMS 0x0000000083800000, 0x0000000083800000| Untracked 
|  49|0x0000000083900000, 0x0000000083900000, 0x0000000083a00000|  0%| F|  |TAMS 0x0000000083900000, 0x0000000083900000| Untracked 
|  50|0x0000000083a00000, 0x0000000083a00000, 0x0000000083b00000|  0%| F|  |TAMS 0x0000000083a00000, 0x0000000083a00000| Untracked 
|  51|0x0000000083b00000, 0x0000000083b00000, 0x0000000083c00000|  0%| F|  |TAMS 0x0000000083b00000, 0x0000000083b00000| Untracked 
|  52|0x0000000083c00000, 0x0000000083c00000, 0x0000000083d00000|  0%| F|  |TAMS 0x0000000083c00000, 0x0000000083c00000| Untracked 
|  53|0x0000000083d00000, 0x0000000083d00000, 0x0000000083e00000|  0%| F|  |TAMS 0x0000000083d00000, 0x0000000083d00000| Untracked 
|  54|0x0000000083e00000, 0x0000000083e00000, 0x0000000083f00000|  0%| F|  |TAMS 0x0000000083e00000, 0x0000000083e00000| Untracked 
|  55|0x0000000083f00000, 0x0000000083f00000, 0x0000000084000000|  0%| F|  |TAMS 0x0000000083f00000, 0x0000000083f00000| Untracked 
|  56|0x0000000084000000, 0x0000000084000000, 0x0000000084100000|  0%| F|  |TAMS 0x0000000084000000, 0x0000000084000000| Untracked 
|  57|0x0000000084100000, 0x0000000084100000, 0x0000000084200000|  0%| F|  |TAMS 0x0000000084100000, 0x0000000084100000| Untracked 
|  58|0x0000000084200000, 0x0000000084200000, 0x0000000084300000|  0%| F|  |TAMS 0x0000000084200000, 0x0000000084200000| Untracked 
|  59|0x0000000084300000, 0x0000000084300000, 0x0000000084400000|  0%| F|  |TAMS 0x0000000084300000, 0x0000000084300000| Untracked 
|  60|0x0000000084400000, 0x0000000084400000, 0x0000000084500000|  0%| F|  |TAMS 0x0000000084400000, 0x0000000084400000| Untracked 
|  61|0x0000000084500000, 0x0000000084500000, 0x0000000084600000|  0%| F|  |TAMS 0x0000000084500000, 0x0000000084500000| Untracked 
|  62|0x0000000084600000, 0x0000000084600000, 0x0000000084700000|  0%| F|  |TAMS 0x0000000084600000, 0x0000000084600000| Untracked 
|  63|0x0000000084700000, 0x0000000084700000, 0x0000000084800000|  0%| F|  |TAMS 0x0000000084700000, 0x0000000084700000| Untracked 
|  64|0x0000000084800000, 0x0000000084800000, 0x0000000084900000|  0%| F|  |TAMS 0x0000000084800000, 0x0000000084800000| Untracked 
|  65|0x0000000084900000, 0x0000000084900000, 0x0000000084a00000|  0%| F|  |TAMS 0x0000000084900000, 0x0000000084900000| Untracked 
|  66|0x0000000084a00000, 0x0000000084a00000, 0x0000000084b00000|  0%| F|  |TAMS 0x0000000084a00000, 0x0000000084a00000| Untracked 
|  67|0x0000000084b00000, 0x0000000084b00000, 0x0000000084c00000|  0%| F|  |TAMS 0x0000000084b00000, 0x0000000084b00000| Untracked 
|  68|0x0000000084c00000, 0x0000000084c00000, 0x0000000084d00000|  0%| F|  |TAMS 0x0000000084c00000, 0x0000000084c00000| Untracked 
|  69|0x0000000084d00000, 0x0000000084d00000, 0x0000000084e00000|  0%| F|  |TAMS 0x0000000084d00000, 0x0000000084d00000| Untracked 
|  70|0x0000000084e00000, 0x0000000084e00000, 0x0000000084f00000|  0%| F|  |TAMS 0x0000000084e00000, 0x0000000084e00000| Untracked 
|  71|0x0000000084f00000, 0x0000000084f00000, 0x0000000085000000|  0%| F|  |TAMS 0x0000000084f00000, 0x0000000084f00000| Untracked 
|  72|0x0000000085000000, 0x0000000085000000, 0x0000000085100000|  0%| F|  |TAMS 0x0000000085000000, 0x0000000085000000| Untracked 
|  73|0x0000000085100000, 0x0000000085100000, 0x0000000085200000|  0%| F|  |TAMS 0x0000000085100000, 0x0000000085100000| Untracked 
|  74|0x0000000085200000, 0x0000000085200000, 0x0000000085300000|  0%| F|  |TAMS 0x0000000085200000, 0x0000000085200000| Untracked 
|  75|0x0000000085300000, 0x0000000085300000, 0x0000000085400000|  0%| F|  |TAMS 0x0000000085300000, 0x0000000085300000| Untracked 
|  76|0x0000000085400000, 0x0000000085400000, 0x0000000085500000|  0%| F|  |TAMS 0x0000000085400000, 0x0000000085400000| Untracked 
|  77|0x0000000085500000, 0x0000000085500000, 0x0000000085600000|  0%| F|  |TAMS 0x0000000085500000, 0x0000000085500000| Untracked 
|  78|0x0000000085600000, 0x0000000085600000, 0x0000000085700000|  0%| F|  |TAMS 0x0000000085600000, 0x0000000085600000| Untracked 
|  79|0x0000000085700000, 0x0000000085700000, 0x0000000085800000|  0%| F|  |TAMS 0x0000000085700000, 0x0000000085700000| Untracked 
|  80|0x0000000085800000, 0x0000000085800000, 0x0000000085900000|  0%| F|  |TAMS 0x0000000085800000, 0x0000000085800000| Untracked 
|  81|0x0000000085900000, 0x0000000085900000, 0x0000000085a00000|  0%| F|  |TAMS 0x0000000085900000, 0x0000000085900000| Untracked 
|  82|0x0000000085a00000, 0x0000000085a00000, 0x0000000085b00000|  0%| F|  |TAMS 0x0000000085a00000, 0x0000000085a00000| Untracked 
|  83|0x0000000085b00000, 0x0000000085b00000, 0x0000000085c00000|  0%| F|  |TAMS 0x0000000085b00000, 0x0000000085b00000| Untracked 
|  84|0x0000000085c00000, 0x0000000085c00000, 0x0000000085d00000|  0%| F|  |TAMS 0x0000000085c00000, 0x0000000085c00000| Untracked 
|  85|0x0000000085d00000, 0x0000000085d00000, 0x0000000085e00000|  0%| F|  |TAMS 0x0000000085d00000, 0x0000000085d00000| Untracked 
|  86|0x0000000085e00000, 0x0000000085e00000, 0x0000000085f00000|  0%| F|  |TAMS 0x0000000085e00000, 0x0000000085e00000| Untracked 
|  87|0x0000000085f00000, 0x0000000085f00000, 0x0000000086000000|  0%| F|  |TAMS 0x0000000085f00000, 0x0000000085f00000| Untracked 
|  88|0x0000000086000000, 0x0000000086000000, 0x0000000086100000|  0%| F|  |TAMS 0x0000000086000000, 0x0000000086000000| Untracked 
|  89|0x0000000086100000, 0x0000000086100000, 0x0000000086200000|  0%| F|  |TAMS 0x0000000086100000, 0x0000000086100000| Untracked 
|  90|0x0000000086200000, 0x0000000086200000, 0x0000000086300000|  0%| F|  |TAMS 0x0000000086200000, 0x0000000086200000| Untracked 
|  91|0x0000000086300000, 0x0000000086300000, 0x0000000086400000|  0%| F|  |TAMS 0x0000000086300000, 0x0000000086300000| Untracked 
|  92|0x0000000086400000, 0x0000000086400000, 0x0000000086500000|  0%| F|  |TAMS 0x0000000086400000, 0x0000000086400000| Untracked 
|  93|0x0000000086500000, 0x0000000086500000, 0x0000000086600000|  0%| F|  |TAMS 0x0000000086500000, 0x0000000086500000| Untracked 
|  94|0x0000000086600000, 0x0000000086600000, 0x0000000086700000|  0%| F|  |TAMS 0x0000000086600000, 0x0000000086600000| Untracked 
|  95|0x0000000086700000, 0x0000000086700000, 0x0000000086800000|  0%| F|  |TAMS 0x0000000086700000, 0x0000000086700000| Untracked 
|  96|0x0000000086800000, 0x0000000086800000, 0x0000000086900000|  0%| F|  |TAMS 0x0000000086800000, 0x0000000086800000| Untracked 
|  97|0x0000000086900000, 0x0000000086900000, 0x0000000086a00000|  0%| F|  |TAMS 0x0000000086900000, 0x0000000086900000| Untracked 
|  98|0x0000000086a00000, 0x0000000086a00000, 0x0000000086b00000|  0%| F|  |TAMS 0x0000000086a00000, 0x0000000086a00000| Untracked 
|  99|0x0000000086b00000, 0x0000000086b00000, 0x0000000086c00000|  0%| F|  |TAMS 0x0000000086b00000, 0x0000000086b00000| Untracked 
| 100|0x0000000086c00000, 0x0000000086c00000, 0x0000000086d00000|  0%| F|  |TAMS 0x0000000086c00000, 0x0000000086c00000| Untracked 
| 101|0x0000000086d00000, 0x0000000086d00000, 0x0000000086e00000|  0%| F|  |TAMS 0x0000000086d00000, 0x0000000086d00000| Untracked 
| 102|0x0000000086e00000, 0x0000000086e00000, 0x0000000086f00000|  0%| F|  |TAMS 0x0000000086e00000, 0x0000000086e00000| Untracked 
| 103|0x0000000086f00000, 0x0000000086f73eb0, 0x0000000087000000| 45%| S|CS|TAMS 0x0000000086f00000, 0x0000000086f00000| Complete 
| 104|0x0000000087000000, 0x0000000087100000, 0x0000000087100000|100%| S|CS|TAMS 0x0000000087000000, 0x0000000087000000| Complete 
| 105|0x0000000087100000, 0x0000000087200000, 0x0000000087200000|100%| S|CS|TAMS 0x0000000087100000, 0x0000000087100000| Complete 
| 106|0x0000000087200000, 0x0000000087200000, 0x0000000087300000|  0%| F|  |TAMS 0x0000000087200000, 0x0000000087200000| Untracked 
| 107|0x0000000087300000, 0x0000000087300000, 0x0000000087400000|  0%| F|  |TAMS 0x0000000087300000, 0x0000000087300000| Untracked 
| 108|0x0000000087400000, 0x0000000087400000, 0x0000000087500000|  0%| F|  |TAMS 0x0000000087400000, 0x0000000087400000| Untracked 
| 109|0x0000000087500000, 0x0000000087500000, 0x0000000087600000|  0%| F|  |TAMS 0x0000000087500000, 0x0000000087500000| Untracked 
| 110|0x0000000087600000, 0x0000000087600000, 0x0000000087700000|  0%| F|  |TAMS 0x0000000087600000, 0x0000000087600000| Untracked 
| 111|0x0000000087700000, 0x0000000087700000, 0x0000000087800000|  0%| F|  |TAMS 0x0000000087700000, 0x0000000087700000| Untracked 
| 112|0x0000000087800000, 0x0000000087880800, 0x0000000087900000| 50%| E|  |TAMS 0x0000000087800000, 0x0000000087800000| Complete 
| 113|0x0000000087900000, 0x0000000087a00000, 0x0000000087a00000|100%| E|CS|TAMS 0x0000000087900000, 0x0000000087900000| Complete 
| 114|0x0000000087a00000, 0x0000000087b00000, 0x0000000087b00000|100%| E|CS|TAMS 0x0000000087a00000, 0x0000000087a00000| Complete 
| 115|0x0000000087b00000, 0x0000000087c00000, 0x0000000087c00000|100%| E|CS|TAMS 0x0000000087b00000, 0x0000000087b00000| Complete 
| 116|0x0000000087c00000, 0x0000000087d00000, 0x0000000087d00000|100%| E|CS|TAMS 0x0000000087c00000, 0x0000000087c00000| Complete 
| 117|0x0000000087d00000, 0x0000000087e00000, 0x0000000087e00000|100%| E|CS|TAMS 0x0000000087d00000, 0x0000000087d00000| Complete 
| 118|0x0000000087e00000, 0x0000000087f00000, 0x0000000087f00000|100%| E|CS|TAMS 0x0000000087e00000, 0x0000000087e00000| Complete 
| 119|0x0000000087f00000, 0x0000000088000000, 0x0000000088000000|100%| E|CS|TAMS 0x0000000087f00000, 0x0000000087f00000| Complete 
| 120|0x0000000088000000, 0x0000000088100000, 0x0000000088100000|100%| E|CS|TAMS 0x0000000088000000, 0x0000000088000000| Complete 
| 121|0x0000000088100000, 0x0000000088200000, 0x0000000088200000|100%| E|CS|TAMS 0x0000000088100000, 0x0000000088100000| Complete 
| 122|0x0000000088200000, 0x0000000088300000, 0x0000000088300000|100%| E|CS|TAMS 0x0000000088200000, 0x0000000088200000| Complete 
| 123|0x0000000088300000, 0x0000000088400000, 0x0000000088400000|100%| E|CS|TAMS 0x0000000088300000, 0x0000000088300000| Complete 
| 124|0x0000000088400000, 0x0000000088500000, 0x0000000088500000|100%| E|CS|TAMS 0x0000000088400000, 0x0000000088400000| Complete 
| 125|0x0000000088500000, 0x0000000088600000, 0x0000000088600000|100%| E|CS|TAMS 0x0000000088500000, 0x0000000088500000| Complete 
| 126|0x0000000088600000, 0x0000000088700000, 0x0000000088700000|100%| E|CS|TAMS 0x0000000088600000, 0x0000000088600000| Complete 
| 127|0x0000000088700000, 0x0000000088800000, 0x0000000088800000|100%| E|CS|TAMS 0x0000000088700000, 0x0000000088700000| Complete 

Card table byte_map: [0x000001f9f8990000,0x000001f9f8d90000] _byte_map_base: 0x000001f9f858c000

Marking Bits (Prev, Next): (CMBitMap*) 0x000001f9ee4f2250, (CMBitMap*) 0x000001f9ee4f2218
 Prev Bits: [0x000001f9fb170000, 0x000001f9fd150000)
 Next Bits: [0x000001f9f9190000, 0x000001f9fb170000)

Polling page: 0x000001f9ee390000

Metaspace:

Usage:
  Non-class:     27.79 MB capacity,    27.59 MB (>99%) used,   156.22 KB ( <1%) free+waste,    46.31 KB ( <1%) overhead. 
      Class:      4.00 MB capacity,     3.85 MB ( 96%) used,   131.66 KB (  3%) free+waste,    20.31 KB ( <1%) overhead. 
       Both:     31.79 MB capacity,    31.44 MB ( 99%) used,   287.88 KB ( <1%) free+waste,    66.63 KB ( <1%) overhead. 

Virtual space:
  Non-class space:       28.00 MB reserved,      28.00 MB (100%) committed 
      Class space:        1.00 GB reserved,       4.13 MB ( <1%) committed 
             Both:        1.03 GB reserved,      32.13 MB (  3%) committed 

Chunk freelists:
   Non-Class:  3.50 KB
       Class:  3.63 KB
        Both:  7.13 KB

CodeHeap 'non-profiled nmethods': size=120064Kb used=643Kb max_used=643Kb free=119420Kb
 bounds [0x000001f987ac0000, 0x000001f987d30000, 0x000001f98f000000]
CodeHeap 'profiled nmethods': size=120000Kb used=3776Kb max_used=3776Kb free=116223Kb
 bounds [0x000001f980590000, 0x000001f980950000, 0x000001f987ac0000]
CodeHeap 'non-nmethods': size=5696Kb used=1170Kb max_used=1182Kb free=4525Kb
 bounds [0x000001f980000000, 0x000001f980270000, 0x000001f980590000]
 total_blobs=2834 nmethods=1963 adapters=421
 compilation: enabled
              stopped_count=0, restarted_count=0
 full_count=0

Compilation events (10 events):
Event: 2.054 Thread 0x000001f9ff7da000 1957       3       net.bytebuddy.implementation.bytecode.StackManipulation$Compound::<init> (9 bytes)
Event: 2.054 Thread 0x000001f9ff7da000 nmethod 1957 0x000001f98093dd90 code [0x000001f98093dfa0, 0x000001f98093e540]
Event: 2.054 Thread 0x000001f9ff7da000 1958       3       java.util.AbstractList$SubList::size (9 bytes)
Event: 2.054 Thread 0x000001f9ff7da000 nmethod 1958 0x000001f98093e790 code [0x000001f98093e960, 0x000001f98093ebf0]
Event: 2.054 Thread 0x000001f9ff7da000 1960       3       java.util.ArrayList::grow (18 bytes)
Event: 2.055 Thread 0x000001f9ff7da000 nmethod 1960 0x000001f98093ed10 code [0x000001f98093eee0, 0x000001f98093f1a0]
Event: 2.055 Thread 0x000001f9ff7da000 1961       3       net.bytebuddy.jar.asm.SymbolTable$Entry::<init> (17 bytes)
Event: 2.055 Thread 0x000001f9ff7da000 nmethod 1961 0x000001f98093f290 code [0x000001f98093f460, 0x000001f98093f630]
Event: 2.055 Thread 0x000001f9ff7da000 1956       1       net.bytebuddy.implementation.Implementation$Target$AbstractBase::getInstrumentedType (5 bytes)
Event: 2.055 Thread 0x000001f9ff7da000 nmethod 1956 0x000001f987b5f710 code [0x000001f987b5f8c0, 0x000001f987b5f9d8]

GC Heap History (6 events):
Event: 0.737 GC heap before
{Heap before GC invocations=0 (full 0):
 garbage-first heap   total 131072K, used 17408K [0x0000000080800000, 0x0000000100000000)
  region size 1024K, 14 young (14336K), 0 survivors (0K)
 Metaspace       used 15841K, capacity 16113K, committed 16256K, reserved 1064960K
  class space    used 1565K, capacity 1650K, committed 1664K, reserved 1048576K
}
Event: 0.743 GC heap after
{Heap after GC invocations=1 (full 0):
 garbage-first heap   total 131072K, used 4949K [0x0000000080800000, 0x0000000100000000)
  region size 1024K, 2 young (2048K), 2 survivors (2048K)
 Metaspace       used 15841K, capacity 16113K, committed 16256K, reserved 1064960K
  class space    used 1565K, capacity 1650K, committed 1664K, reserved 1048576K
}
Event: 1.010 GC heap before
{Heap before GC invocations=1 (full 0):
 garbage-first heap   total 131072K, used 19285K [0x0000000080800000, 0x0000000100000000)
  region size 1024K, 17 young (17408K), 2 survivors (2048K)
 Metaspace       used 20874K, capacity 21210K, committed 21248K, reserved 1069056K
  class space    used 2405K, capacity 2539K, committed 2560K, reserved 1048576K
}
Event: 1.014 GC heap after
{Heap after GC invocations=2 (full 0):
 garbage-first heap   total 131072K, used 6097K [0x0000000080800000, 0x0000000100000000)
  region size 1024K, 4 young (4096K), 4 survivors (4096K)
 Metaspace       used 20874K, capacity 21210K, committed 21248K, reserved 1069056K
  class space    used 2405K, capacity 2539K, committed 2560K, reserved 1048576K
}
Event: 1.518 GC heap before
{Heap before GC invocations=3 (full 0):
 garbage-first heap   total 131072K, used 23505K [0x0000000080800000, 0x0000000100000000)
  region size 1024K, 22 young (22528K), 4 survivors (4096K)
 Metaspace       used 27409K, capacity 27703K, committed 27776K, reserved 1073152K
  class space    used 3247K, capacity 3407K, committed 3456K, reserved 1048576K
}
Event: 1.523 GC heap after
{Heap after GC invocations=4 (full 0):
 garbage-first heap   total 131072K, used 7555K [0x0000000080800000, 0x0000000100000000)
  region size 1024K, 3 young (3072K), 3 survivors (3072K)
 Metaspace       used 27409K, capacity 27703K, committed 27776K, reserved 1073152K
  class space    used 3247K, capacity 3407K, committed 3456K, reserved 1048576K
}

Deoptimization events (8 events):
Event: 0.071 Thread 0x000001f9ee4b3000 Uncommon trap: reason=unstable_if action=reinterpret pc=0x000001f987ac5274 method=java.lang.String.hashCode()I @ 14 c2
Event: 0.106 Thread 0x000001f9ee4b3000 Uncommon trap: reason=unstable_if action=reinterpret pc=0x000001f987ac6ab8 method=java.util.zip.ZipFile$Source.isMetaName([BII)Z @ 57 c2
Event: 0.290 Thread 0x000001f9ee4b3000 Uncommon trap: reason=unstable_if action=reinterpret pc=0x000001f987ac9990 method=java.lang.String.isLatin1()Z @ 10 c2
Event: 0.294 Thread 0x000001f9ee4b3000 Uncommon trap: reason=unstable_if action=reinterpret pc=0x000001f987ac8b78 method=java.lang.String.isLatin1()Z @ 10 c2
Event: 0.426 Thread 0x000001f9ee4b3000 Uncommon trap: reason=unstable_if action=reinterpret pc=0x000001f987ae5e54 method=java.util.HashMap.putVal(ILjava/lang/Object;Ljava/lang/Object;ZZ)Ljava/lang/Object; @ 181 c2
Event: 0.426 Thread 0x000001f9ee4b3000 Uncommon trap: reason=unstable_if action=reinterpret pc=0x000001f987add24c method=java.util.HashMap.putVal(ILjava/lang/Object;Ljava/lang/Object;ZZ)Ljava/lang/Object; @ 181 c2
Event: 0.845 Thread 0x000001f9ee4b3000 Uncommon trap: reason=unstable_if action=reinterpret pc=0x000001f987b08760 method=java.util.HashMap.getNode(ILjava/lang/Object;)Ljava/util/HashMap$Node; @ 62 c2
Event: 0.932 Thread 0x000001f9ee4b3000 Uncommon trap: reason=unstable_if action=reinterpret pc=0x000001f987afb27c method=java.util.concurrent.ConcurrentHashMap.get(Ljava/lang/Object;)Ljava/lang/Object; @ 76 c2

Classes redefined (0 events):
No events

Internal exceptions (10 events):
Event: 0.349 Thread 0x000001f9ee4b3000 Exception <a 'java/lang/NoSuchMethodError'{0x00000000881e6d98}: java.lang.invoke.DirectMethodHandle$Holder.invokeStaticInit(Ljava/lang/Object;Ljava/lang/Object;)I> (0x00000000881e6d98) thrown at [t:/workspace/open/src/hotspot/share/interpreter/linkResolve
Event: 0.392 Thread 0x000001f9ee4b3000 Exception <a 'java/lang/NoSuchMethodError'{0x00000000880bda90}: java.lang.invoke.DirectMethodHandle$Holder.invokeStatic(Ljava/lang/Object;Ljava/lang/Object;Ljava/lang/Object;Ljava/lang/Object;Ljava/lang/Object;Ljava/lang/Object;Ljava/lang/Object;Ljava/lan
Event: 0.393 Thread 0x000001f9ee4b3000 Exception <a 'java/lang/NoSuchMethodError'{0x00000000880cb640}: java.lang.invoke.DirectMethodHandle$Holder.invokeStatic(Ljava/lang/Object;Ljava/lang/Object;Ljava/lang/Object;Ljava/lang/Object;Ljava/lang/Object;Ljava/lang/Object;Ljava/lang/Object;Ljava/lan
Event: 0.394 Thread 0x000001f9ee4b3000 Exception <a 'java/lang/NoSuchMethodError'{0x00000000880d94f0}: java.lang.invoke.DirectMethodHandle$Holder.invokeSpecial(Ljava/lang/Object;Ljava/lang/Object;IILjava/lang/Object;Ljava/lang/Object;Ljava/lang/Object;)Ljava/lang/Object;> (0x00000000880d94f0) 
Event: 0.394 Thread 0x000001f9ee4b3000 Exception <a 'java/lang/NoSuchMethodError'{0x00000000880dca78}: java.lang.invoke.DelegatingMethodHandle$Holder.reinvoke_L(Ljava/lang/Object;IILjava/lang/Object;Ljava/lang/Object;Ljava/lang/Object;)Ljava/lang/Object;> (0x00000000880dca78) thrown at [t:/wor
Event: 0.394 Thread 0x000001f9ee4b3000 Exception <a 'java/lang/NoSuchMethodError'{0x00000000880e0e00}: java.lang.invoke.DirectMethodHandle$Holder.invokeStatic(Ljava/lang/Object;Ljava/lang/Object;Ljava/lang/Object;Ljava/lang/Object;I)Ljava/lang/Object;> (0x00000000880e0e00) thrown at [t:/worksp
Event: 0.463 Thread 0x000001f9ee4b3000 Exception <a 'java/lang/ClassNotFoundException'{0x0000000087fa6690}: com/sun/org/apache/xerces/internal/impl/xpath/regex/spi/messageProvider> (0x0000000087fa6690) thrown at [t:/workspace/open/src/hotspot/share/classfile/systemDictionary.cpp, line 231]
Event: 0.957 Thread 0x000001f9ee4b3000 Exception <a 'java/lang/NoSuchMethodError'{0x0000000087b16ce8}: java.lang.invoke.DirectMethodHandle$Holder.invokeStaticInit(Ljava/lang/Object;IIII)Ljava/lang/Object;> (0x0000000087b16ce8) thrown at [t:/workspace/open/src/hotspot/share/interpreter/linkReso
Event: 0.986 Thread 0x000001f9ee4b3000 Exception <a 'java/lang/NoSuchMethodError'{0x0000000087bc8308}: java.lang.invoke.DirectMethodHandle$Holder.invokeStaticInit(Ljava/lang/Object;Ljava/lang/Object;IIII)Ljava/lang/Object;> (0x0000000087bc8308) thrown at [t:/workspace/open/src/hotspot/share/in
Event: 1.170 Thread 0x000001f9ee4b3000 Exception <a 'java/lang/NoSuchMethodError'{0x00000000881113a8}: java.lang.invoke.DirectMethodHandle$Holder.invokeVirtual(Ljava/lang/Object;Ljava/lang/Object;)V> (0x00000000881113a8) thrown at [t:/workspace/open/src/hotspot/share/interpreter/linkResolver.c

Events (10 events):
Event: 1.998 loading class net/bytebuddy/description/type/TypeDescription$Generic$OfParameterizedType$ForLoadedType$ParameterArgumentTypeList done
Event: 1.998 loading class net/bytebuddy/description/type/TypeDescription$Generic$AnnotationReader$ForTypeArgument
Event: 1.998 loading class net/bytebuddy/description/type/TypeDescription$Generic$AnnotationReader$ForTypeArgument done
Event: 1.998 loading class java/lang/reflect/AnnotatedParameterizedType
Event: 1.998 loading class java/lang/reflect/AnnotatedParameterizedType done
Event: 1.998 loading class net/bytebuddy/description/type/TypeDescription$Generic$OfParameterizedType$Latent
Event: 1.998 loading class net/bytebuddy/description/type/TypeDescription$Generic$OfParameterizedType$Latent done
Event: 2.019 Thread 0x000001f9916b2000 Thread added: 0x000001f9916b2000
Event: 2.036 loading class net/bytebuddy/description/type/TypeDescription$Generic$Visitor$ForSignatureVisitor$OfTypeArgument
Event: 2.036 loading class net/bytebuddy/description/type/TypeDescription$Generic$Visitor$ForSignatureVisitor$OfTypeArgument done


Dynamic libraries:
0x00007ff633280000 - 0x00007ff6332c7000 	C:\Program Files\Java\jdk-11.0.1\bin\java.exe
0x00007ffbbf940000 - 0x00007ffbbfb12000 	C:\Windows\SYSTEM32\ntdll.dll
0x00007ffbbf380000 - 0x00007ffbbf42c000 	C:\Windows\System32\KERNEL32.DLL
0x00007ffbbc5d0000 - 0x00007ffbbc7ed000 	C:\Windows\System32\KERNELBASE.dll
0x00007ffbbf000000 - 0x00007ffbbf0a2000 	C:\Windows\System32\ADVAPI32.dll
0x00007ffbbe9c0000 - 0x00007ffbbea5e000 	C:\Windows\System32\msvcrt.dll
0x00007ffbbe960000 - 0x00007ffbbe9b9000 	C:\Windows\System32\sechost.dll
0x00007ffbbea90000 - 0x00007ffbbebb1000 	C:\Windows\System32\RPCRT4.dll
0x00007ffbbee90000 - 0x00007ffbbeff5000 	C:\Windows\System32\USER32.dll
0x00007ffbbc010000 - 0x00007ffbbc02e000 	C:\Windows\System32\win32u.dll
0x00007ffbbee40000 - 0x00007ffbbee74000 	C:\Windows\System32\GDI32.dll
0x00007ffbbc360000 - 0x00007ffbbc4e0000 	C:\Windows\System32\gdi32full.dll
0x00007ffbaf7e0000 - 0x00007ffbafa5a000 	C:\Windows\WinSxS\amd64_microsoft.windows.common-controls_6595b64144ccf1df_6.0.14393.953_none_42151e83c686086b\COMCTL32.dll
0x00007ffbbf0b0000 - 0x00007ffbbf378000 	C:\Windows\System32\combase.dll
0x00007ffbbc030000 - 0x00007ffbbc125000 	C:\Windows\System32\ucrtbase.dll
0x00007ffbbc2f0000 - 0x00007ffbbc35a000 	C:\Windows\System32\bcryptPrimitives.dll
0x00007ffbb8f20000 - 0x00007ffbb8f2a000 	C:\Windows\SYSTEM32\VERSION.dll
0x00007ffbbea60000 - 0x00007ffbbea8e000 	C:\Windows\System32\IMM32.DLL
0x00007ffbaf570000 - 0x00007ffbaf586000 	C:\Program Files\Java\jdk-11.0.1\bin\vcruntime140.dll
0x00007ffba65c0000 - 0x00007ffba666a000 	C:\Program Files\Java\jdk-11.0.1\bin\msvcp140.dll
0x00007ffb95910000 - 0x00007ffb96452000 	C:\Program Files\Java\jdk-11.0.1\bin\server\jvm.dll
0x00007ffbbf790000 - 0x00007ffbbf798000 	C:\Windows\System32\PSAPI.DLL
0x00007ffbb2270000 - 0x00007ffbb2279000 	C:\Windows\SYSTEM32\WSOCK32.dll
0x00007ffbbed20000 - 0x00007ffbbed8a000 	C:\Windows\System32\WS2_32.dll
0x00007ffbba2b0000 - 0x00007ffbba2d3000 	C:\Windows\SYSTEM32\WINMM.dll
0x00007ffbba280000 - 0x00007ffbba2ab000 	C:\Windows\SYSTEM32\WINMMBASE.dll
0x00007ffbbc4e0000 - 0x00007ffbbc522000 	C:\Windows\System32\cfgmgr32.dll
0x00007ffbbbe30000 - 0x00007ffbbbe3f000 	C:\Windows\System32\kernel.appcore.dll
0x00007ffbaf550000 - 0x00007ffbaf561000 	C:\Program Files\Java\jdk-11.0.1\bin\verify.dll
0x00007ffba70c0000 - 0x00007ffba7252000 	C:\Windows\SYSTEM32\DBGHELP.DLL
0x00007ffbaf140000 - 0x00007ffbaf169000 	C:\Windows\SYSTEM32\dbgcore.DLL
0x00007ffbaf480000 - 0x00007ffbaf4a9000 	C:\Program Files\Java\jdk-11.0.1\bin\java.dll
0x00007ffbaf530000 - 0x00007ffbaf546000 	C:\Program Files\Java\jdk-11.0.1\bin\zip.dll
0x00007ffbaf470000 - 0x00007ffbaf47a000 	C:\Program Files\Java\jdk-11.0.1\bin\jimage.dll
0x00007ffbbcfc0000 - 0x00007ffbbe4c9000 	C:\Windows\System32\SHELL32.dll
0x00007ffbbc7f0000 - 0x00007ffbbcec9000 	C:\Windows\System32\windows.storage.dll
0x00007ffbbbdc0000 - 0x00007ffbbbe0c000 	C:\Windows\System32\powrprof.dll
0x00007ffbbcf60000 - 0x00007ffbbcfb2000 	C:\Windows\System32\shlwapi.dll
0x00007ffbbc190000 - 0x00007ffbbc239000 	C:\Windows\System32\shcore.dll
0x00007ffbbbe10000 - 0x00007ffbbbe24000 	C:\Windows\System32\profapi.dll
0x00007ffbad910000 - 0x00007ffbad929000 	C:\Program Files\Java\jdk-11.0.1\bin\net.dll
0x00007ffbb7250000 - 0x00007ffbb731d000 	C:\Windows\SYSTEM32\WINHTTP.dll
0x00007ffbbb680000 - 0x00007ffbbb6dc000 	C:\Windows\system32\mswsock.dll
0x00007ffbad330000 - 0x00007ffbad343000 	C:\Program Files\Java\jdk-11.0.1\bin\nio.dll
0x00007ffbbb440000 - 0x00007ffbbb4e1000 	C:\Windows\SYSTEM32\DNSAPI.dll
0x00007ffbbed90000 - 0x00007ffbbed98000 	C:\Windows\System32\NSI.dll
0x00007ffbbb400000 - 0x00007ffbbb438000 	C:\Windows\SYSTEM32\IPHLPAPI.DLL
0x00007ffbb4970000 - 0x00007ffbb497a000 	C:\Windows\System32\rasadhlp.dll
0x00007ffbb7060000 - 0x00007ffbb70ca000 	C:\Windows\System32\fwpuclnt.dll
0x00007ffbbbcf0000 - 0x00007ffbbbd1b000 	C:\Windows\SYSTEM32\bcrypt.dll
0x00007ffbbb820000 - 0x00007ffbbb837000 	C:\Windows\SYSTEM32\CRYPTSP.dll
0x00007ffbbb280000 - 0x00007ffbbb2b3000 	C:\Windows\system32\rsaenh.dll
0x00007ffbbb500000 - 0x00007ffbbb51f000 	C:\Windows\SYSTEM32\USERENV.dll
0x00007ffbbb840000 - 0x00007ffbbb84b000 	C:\Windows\SYSTEM32\CRYPTBASE.dll
0x00007ffbb8960000 - 0x00007ffbb8976000 	C:\Windows\SYSTEM32\dhcpcsvc6.DLL
0x00007ffbb8940000 - 0x00007ffbb895a000 	C:\Windows\SYSTEM32\dhcpcsvc.DLL

dbghelp: loaded successfully - version: 4.0.5 - missing functions: none
symbol engine: initialized successfully - sym options: 0x614 - pdb path: .;C:\Program Files\Java\jdk-11.0.1\bin;C:\Windows\SYSTEM32;C:\Windows\WinSxS\amd64_microsoft.windows.common-controls_6595b64144ccf1df_6.0.14393.953_none_42151e83c686086b;C:\Program Files\Java\jdk-11.0.1\bin\server

VM Arguments:
java_command: DataBaseClient/target/database-jar-with-dependencies.jar -port 5052
java_class_path (initial): DataBaseClient/target/database-jar-with-dependencies.jar
Launcher Type: SUN_STANDARD

[Global flags]
     intx CICompilerCount                          = 3                                         {product} {ergonomic}
     uint ConcGCThreads                            = 1                                         {product} {ergonomic}
     uint G1ConcRefinementThreads                  = 4                                         {product} {ergonomic}
   size_t G1HeapRegionSize                         = 1048576                                   {product} {ergonomic}
    uintx GCDrainStackTargetSize                   = 64                                        {product} {ergonomic}
   size_t InitialHeapSize                          = 134217728                                 {product} {ergonomic}
   size_t MarkStackSize                            = 4194304                                   {product} {ergonomic}
   size_t MaxHeapSize                              = 2139095040                                {product} {ergonomic}
   size_t MaxNewSize                               = 1283457024                                {product} {ergonomic}
   size_t MinHeapDeltaBytes                        = 1048576                                   {product} {ergonomic}
    uintx NonNMethodCodeHeapSize                   = 5830092                                {pd product} {ergonomic}
    uintx NonProfiledCodeHeapSize                  = 122914074                              {pd product} {ergonomic}
    uintx ProfiledCodeHeapSize                     = 122914074                              {pd product} {ergonomic}
    uintx ReservedCodeCacheSize                    = 251658240                              {pd product} {ergonomic}
     bool SegmentedCodeCache                       = true                                      {product} {ergonomic}
     bool UseCompressedClassPointers               = true                                 {lp64_product} {ergonomic}
     bool UseCompressedOops                        = true                                 {lp64_product} {ergonomic}
     bool UseG1GC                                  = true                                      {product} {ergonomic}
     bool UseLargePagesIndividualAllocation        = false                                  {pd product} {ergonomic}

Logging:
Log output configuration:
 #0: stdout all=warning uptime,level,tags
 #1: stderr all=off uptime,level,tags

Environment Variables:
JAVA_HOME=C:\Program Files\Java\jdk-11.0.1
PATH=C:\Program Files\Java\jdk-11.0.1\bin;C:\Program Files\Maven\bin;C:\Program Files\Git\cmd;C:\Program Files\PostgreSQL\11\bin;C:\Users\User\AppData\Local\Microsoft\WindowsApps;
USERNAME=User
OS=Windows_NT
PROCESSOR_IDENTIFIER=Intel64 Family 6 Model 158 Stepping 9, GenuineIntel



---------------  S Y S T E M  ---------------

OS: Windows 10 , 64 bit Build 14393 (10.0.14393.2155)

CPU:total 4 (initial active 4) (4 cores per cpu, 1 threads per core) family 6 model 158 stepping 9, cmov, cx8, fxsr, mmx, sse, sse2, sse3, ssse3, sse4.1, sse4.2, popcnt, avx, avx2, aes, clmul, erms, 3dnowpref, lzcnt, tsc, tscinvbit, bmi1, bmi2, adx, fma

Memory: 4k page, system-wide physical 8157M (3460M free)
TotalPageFile size 8157M (AvailPageFile size 5M)
current process WorkingSet (physical memory assigned to process): 144M, peak: 144M
current process commit charge ("private bytes"): 277M, peak: 277M

vm_info: Java HotSpot(TM) 64-Bit Server VM (11.0.1+13-LTS) for windows-amd64 JRE (11.0.1+13-LTS), built on Oct  6 2018 13:20:16 by "mach5one" with MS VC++ 15.5 (VS2017)

END.
